This is pdfTeX, Version 3.14159265-2.6-1.40.18 (MiKTeX 2.9.6600 64-bit) (preloaded format=pdflatex 2018.2.24)  4 MAR 2018 19:28
entering extended mode
**./thesis.tex
(thesis.tex
LaTeX2e <2017-04-15>
Babel <3.17> and hyphenation patterns for 75 language(s) loaded.
("C:\Users\miraa\AppData\Local\Programs\MiKTeX 2.9\tex\latex\base\report.cls"
Document Class: report 2014/09/29 v1.4h Standard LaTeX document class
("C:\Users\miraa\AppData\Local\Programs\MiKTeX 2.9\tex\latex\base\size12.clo"
File: size12.clo 2014/09/29 v1.4h Standard LaTeX file (size option)
)
\c@part=\count79
\c@chapter=\count80
\c@section=\count81
\c@subsection=\count82
\c@subsubsection=\count83
\c@paragraph=\count84
\c@subparagraph=\count85
\c@figure=\count86
\c@table=\count87
\abovecaptionskip=\skip41
\belowcaptionskip=\skip42
\bibindent=\dimen102
) (thesis.sty
Package: thesis 

("C:\Users\miraa\AppData\Local\Programs\MiKTeX 2.9\tex\latex\a4wide\a4wide.sty"
Package: a4wide 1994/08/30
("C:\Users\miraa\AppData\Local\Programs\MiKTeX 2.9\tex\latex\ntgclass\a4.sty"
Package: a4 2004/04/15 v1.2g A4 based page layout
))
("C:\Users\miraa\AppData\Local\Programs\MiKTeX 2.9\tex\latex\amsmath\amsmath.st
y"
Package: amsmath 2017/09/02 v2.17a AMS math features
\@mathmargin=\skip43

For additional information on amsmath, use the `?' option.

("C:\Users\miraa\AppData\Local\Programs\MiKTeX 2.9\tex\latex\amsmath\amstext.st
y"
Package: amstext 2000/06/29 v2.01 AMS text

("C:\Users\miraa\AppData\Local\Programs\MiKTeX 2.9\tex\latex\amsmath\amsgen.sty
"
File: amsgen.sty 1999/11/30 v2.0 generic functions
\@emptytoks=\toks14
\ex@=\dimen103
))
("C:\Users\miraa\AppData\Local\Programs\MiKTeX 2.9\tex\latex\amsmath\amsbsy.sty
"
Package: amsbsy 1999/11/29 v1.2d Bold Symbols
\pmbraise@=\dimen104
)
("C:\Users\miraa\AppData\Local\Programs\MiKTeX 2.9\tex\latex\amsmath\amsopn.sty
"
Package: amsopn 2016/03/08 v2.02 operator names
)
\inf@bad=\count88
LaTeX Info: Redefining \frac on input line 213.
\uproot@=\count89
\leftroot@=\count90
LaTeX Info: Redefining \overline on input line 375.
\classnum@=\count91
\DOTSCASE@=\count92
LaTeX Info: Redefining \ldots on input line 472.
LaTeX Info: Redefining \dots on input line 475.
LaTeX Info: Redefining \cdots on input line 596.
\Mathstrutbox@=\box26
\strutbox@=\box27
\big@size=\dimen105
LaTeX Font Info:    Redeclaring font encoding OML on input line 712.
LaTeX Font Info:    Redeclaring font encoding OMS on input line 713.
\macc@depth=\count93
\c@MaxMatrixCols=\count94
\dotsspace@=\muskip10
\c@parentequation=\count95
\dspbrk@lvl=\count96
\tag@help=\toks15
\row@=\count97
\column@=\count98
\maxfields@=\count99
\andhelp@=\toks16
\eqnshift@=\dimen106
\alignsep@=\dimen107
\tagshift@=\dimen108
\tagwidth@=\dimen109
\totwidth@=\dimen110
\lineht@=\dimen111
\@envbody=\toks17
\multlinegap=\skip44
\multlinetaggap=\skip45
\mathdisplay@stack=\toks18
LaTeX Info: Redefining \[ on input line 2817.
LaTeX Info: Redefining \] on input line 2818.
)
("C:\Users\miraa\AppData\Local\Programs\MiKTeX 2.9\tex\generic\babel\babel.sty"
Package: babel 2018/01/24 3.17 The Babel package
("C:\Users\miraa\AppData\Local\Programs\MiKTeX 2.9\tex\generic\babel\switch.def
"
File: switch.def 2018/01/24 3.17 Babel switching mechanism
)
*************************************
* Local config file bblopts.cfg used
*
("C:\Users\miraa\AppData\Local\Programs\MiKTeX 2.9\tex\latex\arabi\bblopts.cfg"
File: bblopts.cfg 2005/09/08 v0.1 add Arabic and Farsi to "declared" options of
 babel
)
("C:\Users\miraa\AppData\Local\Programs\MiKTeX 2.9\tex\latex\babel-greek\greek.
ldf"
Language: greek 2016/09/07 v1.9g Greek support for the babel system

("C:\Users\miraa\AppData\Local\Programs\MiKTeX 2.9\tex\generic\babel\babel.def"
File: babel.def 2018/01/24 3.17 Babel common definitions
("C:\Users\miraa\AppData\Local\Programs\MiKTeX 2.9\tex\generic\babel\switch.def
"
File: switch.def 2018/01/24 3.17 Babel switching mechanism
)
\babel@savecnt=\count100
\U@D=\dimen112

("C:\Users\miraa\AppData\Local\Programs\MiKTeX 2.9\tex\generic\babel\txtbabel.d
ef")
\bbl@dirlevel=\count101
)
\bbl@monogreek=\count102
\bbl@polygreek=\count103
\bbl@ancientgreek=\count104

("C:\Users\miraa\AppData\Local\Programs\MiKTeX 2.9\tex\latex\greek-fontenc\lgre
nc.def"
File: lgrenc.def 2015/12/07 v0.13.1 LGR Greek font encoding definitions

("C:\Users\miraa\AppData\Local\Programs\MiKTeX 2.9\tex\latex\greek-fontenc\gree
k-fontenc.def"
File: greek-fontenc.def 2015/08/04 v0.13 Common Greek font encoding definitions

))
LaTeX Info: Composite with undeclared \< in encoding LGR on input line 418.
LaTeX Info: Composite with undeclared \> in encoding LGR on input line 418.
)
("C:\Users\miraa\AppData\Local\Programs\MiKTeX 2.9\tex\latex\babel-english\brit
ish.ldf"
Language: british 2017/06/06 v3.3r English support from the babel system

("C:\Users\miraa\AppData\Local\Programs\MiKTeX 2.9\tex\latex\babel-english\engl
ish.ldf"
Language: english 2017/06/06 v3.3r English support from the babel system
\l@canadian = a dialect from \language\l@american 
\l@australian = a dialect from \language\l@british 
\l@newzealand = a dialect from \language\l@british 
)))
("C:\Users\miraa\AppData\Local\Programs\MiKTeX 2.9\tex\latex\fancyhdr\fancyhdr.
sty"
Package: fancyhdr 2017/06/30 v3.9a Extensive control of page headers and footer
s
\f@nch@headwidth=\skip46
\f@nch@O@elh=\skip47
\f@nch@O@erh=\skip48
\f@nch@O@olh=\skip49
\f@nch@O@orh=\skip50
\f@nch@O@elf=\skip51
\f@nch@O@erf=\skip52
\f@nch@O@olf=\skip53
\f@nch@O@orf=\skip54
)
("C:\Users\miraa\AppData\Local\Programs\MiKTeX 2.9\tex\latex\graphics\graphicx.
sty"
Package: graphicx 2017/06/01 v1.1a Enhanced LaTeX Graphics (DPC,SPQR)

("C:\Users\miraa\AppData\Local\Programs\MiKTeX 2.9\tex\latex\graphics\keyval.st
y"
Package: keyval 2014/10/28 v1.15 key=value parser (DPC)
\KV@toks@=\toks19
)
("C:\Users\miraa\AppData\Local\Programs\MiKTeX 2.9\tex\latex\graphics\graphics.
sty"
Package: graphics 2017/06/25 v1.2c Standard LaTeX Graphics (DPC,SPQR)

("C:\Users\miraa\AppData\Local\Programs\MiKTeX 2.9\tex\latex\graphics\trig.sty"
Package: trig 2016/01/03 v1.10 sin cos tan (DPC)
)
("C:\Users\miraa\AppData\Local\Programs\MiKTeX 2.9\tex\latex\graphics-cfg\graph
ics.cfg"
File: graphics.cfg 2016/06/04 v1.11 sample graphics configuration
)
Package graphics Info: Driver file: pdftex.def on input line 99.

("C:\Users\miraa\AppData\Local\Programs\MiKTeX 2.9\tex\latex\graphics-def\pdfte
x.def"
File: pdftex.def 2018/01/08 v1.0l Graphics/color driver for pdftex
))
\Gin@req@height=\dimen113
\Gin@req@width=\dimen114
)
("C:\Users\miraa\AppData\Local\Programs\MiKTeX 2.9\tex\latex\oberdiek\grffile.s
ty"
Package: grffile 2017/06/30 v1.18 Extended file name support for graphics (HO)

("C:\Users\miraa\AppData\Local\Programs\MiKTeX 2.9\tex\generic\oberdiek\ifpdf.s
ty"
Package: ifpdf 2017/03/15 v3.2 Provides the ifpdf switch
)
("C:\Users\miraa\AppData\Local\Programs\MiKTeX 2.9\tex\generic\ifxetex\ifxetex.
sty"
Package: ifxetex 2010/09/12 v0.6 Provides ifxetex conditional
)
("C:\Users\miraa\AppData\Local\Programs\MiKTeX 2.9\tex\latex\oberdiek\kvoptions
.sty"
Package: kvoptions 2016/05/16 v3.12 Key value format for package options (HO)

("C:\Users\miraa\AppData\Local\Programs\MiKTeX 2.9\tex\generic\oberdiek\ltxcmds
.sty"
Package: ltxcmds 2016/05/16 v1.23 LaTeX kernel commands for general use (HO)
)
("C:\Users\miraa\AppData\Local\Programs\MiKTeX 2.9\tex\generic\oberdiek\kvsetke
ys.sty"
Package: kvsetkeys 2016/05/16 v1.17 Key value parser (HO)

("C:\Users\miraa\AppData\Local\Programs\MiKTeX 2.9\tex\generic\oberdiek\infware
rr.sty"
Package: infwarerr 2016/05/16 v1.4 Providing info/warning/error messages (HO)
)
("C:\Users\miraa\AppData\Local\Programs\MiKTeX 2.9\tex\generic\oberdiek\etexcmd
s.sty"
Package: etexcmds 2016/05/16 v1.6 Avoid name clashes with e-TeX commands (HO)

("C:\Users\miraa\AppData\Local\Programs\MiKTeX 2.9\tex\generic\oberdiek\ifluate
x.sty"
Package: ifluatex 2016/05/16 v1.4 Provides the ifluatex switch (HO)
Package ifluatex Info: LuaTeX not detected.
)
Package etexcmds Info: Could not find \expanded.
(etexcmds)             That can mean that you are not using pdfTeX 1.50 or
(etexcmds)             that some package has redefined \expanded.
(etexcmds)             In the latter case, load this package earlier.
)))
("C:\Users\miraa\AppData\Local\Programs\MiKTeX 2.9\tex\generic\oberdiek\pdftexc
mds.sty"
Package: pdftexcmds 2018/01/21 v0.26 Utility functions of pdfTeX for LuaTeX (HO
)
Package pdftexcmds Info: LuaTeX not detected.
Package pdftexcmds Info: \pdf@primitive is available.
Package pdftexcmds Info: \pdf@ifprimitive is available.
Package pdftexcmds Info: \pdfdraftmode found.
)
Package grffile Info: Option `multidot' is set to `true'.
Package grffile Info: Option `extendedchars' is set to `false'.
Package grffile Info: Option `space' is set to `true'.
Package grffile Info: \Gin@ii of package `graphicx' fixed on input line 494.
)
("C:\Users\miraa\AppData\Local\Programs\MiKTeX 2.9\tex\latex\psnfss\pifont.sty"
Package: pifont 2005/04/12 PSNFSS-v9.2a Pi font support (SPQR) 
LaTeX Font Info:    Try loading font information for U+pzd on input line 63.
("C:\Users\miraa\AppData\Local\Programs\MiKTeX 2.9\tex\latex\psnfss\upzd.fd"
File: upzd.fd 2001/06/04 font definitions for U/pzd.
)
LaTeX Font Info:    Try loading font information for U+psy on input line 64.

("C:\Users\miraa\AppData\Local\Programs\MiKTeX 2.9\tex\latex\psnfss\upsy.fd"
File: upsy.fd 2001/06/04 font definitions for U/psy.
))
("C:\Users\miraa\AppData\Local\Programs\MiKTeX 2.9\tex\latex\paralist\paralist.
sty"
Package: paralist 2017/01/22 v2.7 Extended list environments
\pltopsep=\skip55
\plpartopsep=\skip56
\plitemsep=\skip57
\plparsep=\skip58
\pl@lab=\toks20
)
("C:\Users\miraa\AppData\Local\Programs\MiKTeX 2.9\tex\latex\enumitem\enumitem.
sty"
Package: enumitem 2011/09/28 v3.5.2 Customized lists
\labelindent=\skip59
\enit@outerparindent=\dimen115
\enit@toks=\toks21
\enit@inbox=\box28
\enitdp@description=\count105
)
("C:\Users\miraa\AppData\Local\Programs\MiKTeX 2.9\tex\latex\graphics\color.sty
"
Package: color 2016/07/10 v1.1e Standard LaTeX Color (DPC)

("C:\Users\miraa\AppData\Local\Programs\MiKTeX 2.9\tex\latex\graphics-cfg\color
.cfg"
File: color.cfg 2016/01/02 v1.6 sample color configuration
)
Package color Info: Driver file: pdftex.def on input line 147.

("C:\Users\miraa\AppData\Local\Programs\MiKTeX 2.9\tex\latex\graphics\dvipsnam.
def"
File: dvipsnam.def 2016/06/17 v3.0m Driver-dependent file (DPC,SPQR)
))
("C:\Users\miraa\AppData\Local\Programs\MiKTeX 2.9\tex\latex\moreverb\moreverb.
sty"
Package: moreverb 2008/06/03 v2.3a `more' verbatim facilities

("C:\Users\miraa\AppData\Local\Programs\MiKTeX 2.9\tex\latex\tools\verbatim.sty
"
Package: verbatim 2014/10/28 v1.5q LaTeX2e package for verbatim enhancements
\every@verbatim=\toks22
\verbatim@line=\toks23
\verbatim@in@stream=\read1
)
\tab@position=\count106
\tab@size=\count107
\listing@line=\count108
)
("C:\Users\miraa\AppData\Local\Programs\MiKTeX 2.9\tex\latex\graphics\lscape.st
y"
Package: lscape 2000/10/22 v3.01 Landscape Pages (DPC)
)
("C:\Users\miraa\AppData\Local\Programs\MiKTeX 2.9\tex\latex\tocbibind\tocbibin
d.sty"
Package: tocbibind 2010/10/13 v1.5k extra ToC listings
Package tocbibind Info: The document has chapter divisions on input line 50.


Package tocbibind Note: Using chapter style headings, unless overridden.

)
("C:\Users\miraa\AppData\Local\Programs\MiKTeX 2.9\tex\latex\datetime\datetime.
sty"
Package: datetime 2015/03/20 v2.60 Date Time Package

("C:\Users\miraa\AppData\Local\Programs\MiKTeX 2.9\tex\latex\etoolbox\etoolbox.
sty"
Package: etoolbox 2018/02/11 v2.5e e-TeX tools for LaTeX (JAW)
\etb@tempcnta=\count109
)
("C:\Users\miraa\AppData\Local\Programs\MiKTeX 2.9\tex\latex\fmtcount\fmtcount.
sty"
Package: fmtcount 2017/12/24 v3.05

("C:\Users\miraa\AppData\Local\Programs\MiKTeX 2.9\tex\latex\base\ifthen.sty"
Package: ifthen 2014/09/29 v1.1c Standard LaTeX ifthen package (DPC)
)
("C:\Users\miraa\AppData\Local\Programs\MiKTeX 2.9\tex\latex\xkeyval\xkeyval.st
y"
Package: xkeyval 2014/12/03 v2.7a package option processing (HA)

("C:\Users\miraa\AppData\Local\Programs\MiKTeX 2.9\tex\generic\xkeyval\xkeyval.
tex"
("C:\Users\miraa\AppData\Local\Programs\MiKTeX 2.9\tex\generic\xkeyval\xkvutils
.tex"
\XKV@toks=\toks24
\XKV@tempa@toks=\toks25
)
\XKV@depth=\count110
File: xkeyval.tex 2014/12/03 v2.7a key=value parser (HA)
))
("C:\Users\miraa\AppData\Local\Programs\MiKTeX 2.9\tex\latex\fmtcount\fcprefix.
sty"
Package: fcprefix 2012/09/28

("C:\Users\miraa\AppData\Local\Programs\MiKTeX 2.9\tex\latex\fmtcount\fcnumpars
er.sty"
Package: fcnumparser 2017/06/15
\fc@digit@counter=\count111
))
\c@padzeroesN=\count112
\fc@tmpcatcode=\count113

("C:\Users\miraa\AppData\Local\Programs\MiKTeX 2.9\tex\latex\fmtcount\fc-englis
h.def"
File: fc-english.def 2016/01/12
)
("C:\Users\miraa\AppData\Local\Programs\MiKTeX 2.9\tex\latex\fmtcount\fc-britis
h.def"
File: fc-british.def 2013/08/17
)
\@DT@modctr=\count114
\@ordinalctr=\count115
\@orgargctr=\count116
\@strctr=\count117
\@tmpstrctr=\count118
\@DT@loopN=\count119
\@DT@X=\count120
)
("C:\Users\miraa\AppData\Local\Programs\MiKTeX 2.9\tex\latex\datetime\datetime-
defaults.sty"
Package: datetime-defaults 2013/09/10
)
\@day=\count121
\@month=\count122
\@year=\count123
\c@HOUR=\count124
\c@HOURXII=\count125
\c@MINUTE=\count126
\c@TOHOUR=\count127
\c@TOMINUTE=\count128
\c@SECOND=\count129
\currenthour=\count130
\currentminute=\count131
\currentsecond=\count132
Package datetime Info: No datetime.cfg file found, using default settings on in
put line 308.
\@dtctr=\count133
\dayofyear=\count134
\dayofweek=\count135
LaTeX Info: Redefining \today on input line 736.

("C:\Users\miraa\AppData\Local\Programs\MiKTeX 2.9\tex\latex\datetime\dt-britis
h.def"
File: dt-british.def 2013/09/10
)
("C:\Users\miraa\AppData\Local\Programs\MiKTeX 2.9\tex\latex\datetime\dt-greek.
def"
File: dt-greek.def 2013/09/10
LaTeX Info: Redefining \dategreek on input line 64.
)
\dt@a=\toks26
\dt@b=\toks27
)
("C:\Users\miraa\AppData\Local\Programs\MiKTeX 2.9\tex\latex\tools\array.sty"
Package: array 2016/10/06 v2.4d Tabular extension package (FMi)
\col@sep=\dimen116
\extrarowheight=\dimen117
\NC@list=\toks28
\extratabsurround=\skip60
\backup@length=\skip61
)
("C:\Users\miraa\AppData\Local\Programs\MiKTeX 2.9\tex\latex\float\float.sty"
Package: float 2001/11/08 v1.3d Float enhancements (AL)
\c@float@type=\count136
\float@exts=\toks29
\float@box=\box29
\@float@everytoks=\toks30
\@floatcapt=\box30
)
("C:\Users\miraa\AppData\Local\Programs\MiKTeX 2.9\tex\latex\tools\multicol.sty
"
Package: multicol 2017/04/11 v1.8q multicolumn formatting (FMi)
\c@tracingmulticols=\count137
\mult@box=\box31
\multicol@leftmargin=\dimen118
\c@unbalance=\count138
\c@collectmore=\count139
\doublecol@number=\count140
\multicoltolerance=\count141
\multicolpretolerance=\count142
\full@width=\dimen119
\page@free=\dimen120
\premulticols=\dimen121
\postmulticols=\dimen122
\multicolsep=\skip62
\multicolbaselineskip=\skip63
\partial@page=\box32
\last@line=\box33
\maxbalancingoverflow=\dimen123
\mult@rightbox=\box34
\mult@grightbox=\box35
\mult@gfirstbox=\box36
\mult@firstbox=\box37
\@tempa=\box38
\@tempa=\box39
\@tempa=\box40
\@tempa=\box41
\@tempa=\box42
\@tempa=\box43
\@tempa=\box44
\@tempa=\box45
\@tempa=\box46
\@tempa=\box47
\@tempa=\box48
\@tempa=\box49
\@tempa=\box50
\@tempa=\box51
\@tempa=\box52
\@tempa=\box53
\@tempa=\box54
\c@columnbadness=\count143
\c@finalcolumnbadness=\count144
\last@try=\dimen124
\multicolovershoot=\dimen125
\multicolundershoot=\dimen126
\mult@nat@firstbox=\box55
\colbreak@box=\box56
\mc@col@check@num=\count145
)
("C:\Users\miraa\AppData\Local\Programs\MiKTeX 2.9\tex\latex\tools\tabularx.sty
"
Package: tabularx 2016/02/03 v2.11 `tabularx' package (DPC)
\TX@col@width=\dimen127
\TX@old@table=\dimen128
\TX@old@col=\dimen129
\TX@target=\dimen130
\TX@delta=\dimen131
\TX@cols=\count146
\TX@ftn=\toks31
)
("C:\Users\miraa\AppData\Local\Programs\MiKTeX 2.9\tex\latex\colortbl\colortbl.
sty"
Package: colortbl 2012/02/13 v1.0a Color table columns (DPC)
\everycr=\toks32
\minrowclearance=\skip64
)
("C:\Users\miraa\AppData\Local\Programs\MiKTeX 2.9\tex\latex\breakcites\breakci
tes.sty")
("C:\Users\miraa\AppData\Local\Programs\MiKTeX 2.9\tex\latex\tools\longtable.st
y"
Package: longtable 2014/10/28 v4.11 Multi-page Table package (DPC)
\LTleft=\skip65
\LTright=\skip66
\LTpre=\skip67
\LTpost=\skip68
\LTchunksize=\count147
\LTcapwidth=\dimen132
\LT@head=\box57
\LT@firsthead=\box58
\LT@foot=\box59
\LT@lastfoot=\box60
\LT@cols=\count148
\LT@rows=\count149
\c@LT@tables=\count150
\c@LT@chunks=\count151
\LT@p@ftn=\toks33
)
("C:\Users\miraa\AppData\Local\Programs\MiKTeX 2.9\tex\latex\multirow\multirow.
sty"
Package: multirow 2016/11/25 v2.2 Span multiple rows of a table
\multirow@colwidth=\skip69
\multirow@cntb=\count152
\multirow@dima=\skip70
\bigstrutjot=\dimen133
)
("C:\Users\miraa\AppData\Local\Programs\MiKTeX 2.9\tex\latex\graphics\rotating.
sty"
Package: rotating 2016/08/11 v2.16d rotated objects in LaTeX
\c@r@tfl@t=\count153
\rotFPtop=\skip71
\rotFPbot=\skip72
\rot@float@box=\box61
\rot@mess@toks=\toks34
)
("C:\Users\miraa\AppData\Local\Programs\MiKTeX 2.9\tex\latex\placeins\placeins.
sty"
Package: placeins 2005/04/18  v 2.2
)
("C:\Users\miraa\AppData\Local\Programs\MiKTeX 2.9\tex\latex\nomencl\nomencl.st
y"
Package: nomencl 2005/09/22 v4.2 Nomenclature package (LN)
\nomlabelwidth=\dimen134
\nom@tempdim=\dimen135
\nomitemsep=\skip73
)
("C:\Users\miraa\AppData\Local\Programs\MiKTeX 2.9\tex\latex\stmaryrd\stmaryrd.
sty"
Package: stmaryrd 1994/03/03 St Mary's Road symbol package
\symstmry=\mathgroup4
LaTeX Font Info:    Overwriting symbol font `stmry' in version `bold'
(Font)                  U/stmry/m/n --> U/stmry/b/n on input line 89.
)
("C:\Users\miraa\AppData\Local\Programs\MiKTeX 2.9\tex\latex\titlesec\titlesec.
sty"
Package: titlesec 2016/03/21 v2.10.2 Sectioning titles
\ttl@box=\box62
\beforetitleunit=\skip74
\aftertitleunit=\skip75
\ttl@plus=\dimen136
\ttl@minus=\dimen137
\ttl@toksa=\toks35
\titlewidth=\dimen138
\titlewidthlast=\dimen139
\titlewidthfirst=\dimen140
)
("C:\Users\miraa\AppData\Local\Programs\MiKTeX 2.9\tex\latex\base\textcomp.sty"
Package: textcomp 2017/04/05 v2.0i Standard LaTeX package
Package textcomp Info: Sub-encoding information:
(textcomp)               5 = only ISO-Adobe without \textcurrency
(textcomp)               4 = 5 + \texteuro
(textcomp)               3 = 4 + \textohm
(textcomp)               2 = 3 + \textestimated + \textcurrency
(textcomp)               1 = TS1 - \textcircled - \t
(textcomp)               0 = TS1 (full)
(textcomp)             Font families with sub-encoding setting implement
(textcomp)             only a restricted character set as indicated.
(textcomp)             Family '?' is the default used for unknown fonts.
(textcomp)             See the documentation for details.
Package textcomp Info: Setting ? sub-encoding to TS1/1 on input line 79.
("C:\Users\miraa\AppData\Local\Programs\MiKTeX 2.9\tex\latex\base\ts1enc.def"
File: ts1enc.def 2001/06/05 v3.0e (jk/car/fm) Standard LaTeX file
)
LaTeX Info: Redefining \oldstylenums on input line 334.
Package textcomp Info: Setting cmr sub-encoding to TS1/0 on input line 349.
Package textcomp Info: Setting cmss sub-encoding to TS1/0 on input line 350.
Package textcomp Info: Setting cmtt sub-encoding to TS1/0 on input line 351.
Package textcomp Info: Setting cmvtt sub-encoding to TS1/0 on input line 352.
Package textcomp Info: Setting cmbr sub-encoding to TS1/0 on input line 353.
Package textcomp Info: Setting cmtl sub-encoding to TS1/0 on input line 354.
Package textcomp Info: Setting ccr sub-encoding to TS1/0 on input line 355.
Package textcomp Info: Setting ptm sub-encoding to TS1/4 on input line 356.
Package textcomp Info: Setting pcr sub-encoding to TS1/4 on input line 357.
Package textcomp Info: Setting phv sub-encoding to TS1/4 on input line 358.
Package textcomp Info: Setting ppl sub-encoding to TS1/3 on input line 359.
Package textcomp Info: Setting pag sub-encoding to TS1/4 on input line 360.
Package textcomp Info: Setting pbk sub-encoding to TS1/4 on input line 361.
Package textcomp Info: Setting pnc sub-encoding to TS1/4 on input line 362.
Package textcomp Info: Setting pzc sub-encoding to TS1/4 on input line 363.
Package textcomp Info: Setting bch sub-encoding to TS1/4 on input line 364.
Package textcomp Info: Setting put sub-encoding to TS1/5 on input line 365.
Package textcomp Info: Setting uag sub-encoding to TS1/5 on input line 366.
Package textcomp Info: Setting ugq sub-encoding to TS1/5 on input line 367.
Package textcomp Info: Setting ul8 sub-encoding to TS1/4 on input line 368.
Package textcomp Info: Setting ul9 sub-encoding to TS1/4 on input line 369.
Package textcomp Info: Setting augie sub-encoding to TS1/5 on input line 370.
Package textcomp Info: Setting dayrom sub-encoding to TS1/3 on input line 371.
Package textcomp Info: Setting dayroms sub-encoding to TS1/3 on input line 372.

Package textcomp Info: Setting pxr sub-encoding to TS1/0 on input line 373.
Package textcomp Info: Setting pxss sub-encoding to TS1/0 on input line 374.
Package textcomp Info: Setting pxtt sub-encoding to TS1/0 on input line 375.
Package textcomp Info: Setting txr sub-encoding to TS1/0 on input line 376.
Package textcomp Info: Setting txss sub-encoding to TS1/0 on input line 377.
Package textcomp Info: Setting txtt sub-encoding to TS1/0 on input line 378.
Package textcomp Info: Setting lmr sub-encoding to TS1/0 on input line 379.
Package textcomp Info: Setting lmdh sub-encoding to TS1/0 on input line 380.
Package textcomp Info: Setting lmss sub-encoding to TS1/0 on input line 381.
Package textcomp Info: Setting lmssq sub-encoding to TS1/0 on input line 382.
Package textcomp Info: Setting lmvtt sub-encoding to TS1/0 on input line 383.
Package textcomp Info: Setting lmtt sub-encoding to TS1/0 on input line 384.
Package textcomp Info: Setting qhv sub-encoding to TS1/0 on input line 385.
Package textcomp Info: Setting qag sub-encoding to TS1/0 on input line 386.
Package textcomp Info: Setting qbk sub-encoding to TS1/0 on input line 387.
Package textcomp Info: Setting qcr sub-encoding to TS1/0 on input line 388.
Package textcomp Info: Setting qcs sub-encoding to TS1/0 on input line 389.
Package textcomp Info: Setting qpl sub-encoding to TS1/0 on input line 390.
Package textcomp Info: Setting qtm sub-encoding to TS1/0 on input line 391.
Package textcomp Info: Setting qzc sub-encoding to TS1/0 on input line 392.
Package textcomp Info: Setting qhvc sub-encoding to TS1/0 on input line 393.
Package textcomp Info: Setting futs sub-encoding to TS1/4 on input line 394.
Package textcomp Info: Setting futx sub-encoding to TS1/4 on input line 395.
Package textcomp Info: Setting futj sub-encoding to TS1/4 on input line 396.
Package textcomp Info: Setting hlh sub-encoding to TS1/3 on input line 397.
Package textcomp Info: Setting hls sub-encoding to TS1/3 on input line 398.
Package textcomp Info: Setting hlst sub-encoding to TS1/3 on input line 399.
Package textcomp Info: Setting hlct sub-encoding to TS1/5 on input line 400.
Package textcomp Info: Setting hlx sub-encoding to TS1/5 on input line 401.
Package textcomp Info: Setting hlce sub-encoding to TS1/5 on input line 402.
Package textcomp Info: Setting hlcn sub-encoding to TS1/5 on input line 403.
Package textcomp Info: Setting hlcw sub-encoding to TS1/5 on input line 404.
Package textcomp Info: Setting hlcf sub-encoding to TS1/5 on input line 405.
Package textcomp Info: Setting pplx sub-encoding to TS1/3 on input line 406.
Package textcomp Info: Setting pplj sub-encoding to TS1/3 on input line 407.
Package textcomp Info: Setting ptmx sub-encoding to TS1/4 on input line 408.
Package textcomp Info: Setting ptmj sub-encoding to TS1/4 on input line 409.
)
("C:\Users\miraa\AppData\Local\Programs\MiKTeX 2.9\tex\latex\amsfonts\amsfonts.
sty"
Package: amsfonts 2013/01/14 v3.01 Basic AMSFonts support
\symAMSa=\mathgroup5
\symAMSb=\mathgroup6
LaTeX Font Info:    Overwriting math alphabet `\mathfrak' in version `bold'
(Font)                  U/euf/m/n --> U/euf/b/n on input line 106.
)
("C:\Users\miraa\AppData\Local\Programs\MiKTeX 2.9\tex\latex\amsfonts\amssymb.s
ty"
Package: amssymb 2013/01/14 v3.01 AMS font symbols
LaTeX Font Info:    Redeclaring math symbol \boxdot on input line 44.
)
("C:\Users\miraa\AppData\Local\Programs\MiKTeX 2.9\tex\latex\amsmath\amscd.sty"
Package: amscd 2017/04/14 v2.1 AMS Commutative Diagrams
\athelp@=\toks36
\minaw@=\dimen141
\bigaw@=\dimen142
\minCDarrowwidth=\dimen143
) ("C:\Users\miraa\AppData\Local\Programs\MiKTeX 2.9\tex\latex\amscls\amsthm.st
y"
Package: amsthm 2017/10/31 v2.20.4
\thm@style=\toks37
\thm@bodyfont=\toks38
\thm@headfont=\toks39
\thm@notefont=\toks40
\thm@headpunct=\toks41
\thm@preskip=\skip76
\thm@postskip=\skip77
\thm@headsep=\skip78
\dth@everypar=\toks42
)
("C:\Users\miraa\AppData\Local\Programs\MiKTeX 2.9\tex\latex\tools\xspace.sty"
Package: xspace 2014/10/28 v1.13 Space after command names (DPC,MH)
)
("C:\Users\miraa\AppData\Local\Programs\MiKTeX 2.9\tex\latex\jknappen\mathrsfs.
sty"
Package: mathrsfs 1996/01/01 Math RSFS package v1.0 (jk)
\symrsfs=\mathgroup7
)
("C:\Users\miraa\AppData\Local\Programs\MiKTeX 2.9\tex\latex\hyperref\hyperref.
sty"
Package: hyperref 2018/02/06 v6.86b Hypertext links for LaTeX

("C:\Users\miraa\AppData\Local\Programs\MiKTeX 2.9\tex\generic\oberdiek\hobsub-
hyperref.sty"
Package: hobsub-hyperref 2016/05/16 v1.14 Bundle oberdiek, subset hyperref (HO)


("C:\Users\miraa\AppData\Local\Programs\MiKTeX 2.9\tex\generic\oberdiek\hobsub-
generic.sty"
Package: hobsub-generic 2016/05/16 v1.14 Bundle oberdiek, subset generic (HO)
Package: hobsub 2016/05/16 v1.14 Construct package bundles (HO)
Package hobsub Info: Skipping package `infwarerr' (already loaded).
Package hobsub Info: Skipping package `ltxcmds' (already loaded).
Package hobsub Info: Skipping package `ifluatex' (already loaded).
Package: ifvtex 2016/05/16 v1.6 Detect VTeX and its facilities (HO)
Package ifvtex Info: VTeX not detected.
Package: intcalc 2016/05/16 v1.2 Expandable calculations with integers (HO)
Package hobsub Info: Skipping package `ifpdf' (already loaded).
Package hobsub Info: Skipping package `etexcmds' (already loaded).
Package hobsub Info: Skipping package `kvsetkeys' (already loaded).
Package: kvdefinekeys 2016/05/16 v1.4 Define keys (HO)
Package hobsub Info: Skipping package `pdftexcmds' (already loaded).
Package: pdfescape 2016/05/16 v1.14 Implements pdfTeX's escape features (HO)
Package: bigintcalc 2016/05/16 v1.4 Expandable calculations on big integers (HO
)
Package: bitset 2016/05/16 v1.2 Handle bit-vector datatype (HO)
Package: uniquecounter 2016/05/16 v1.3 Provide unlimited unique counter (HO)
)
Package hobsub Info: Skipping package `hobsub' (already loaded).
Package: letltxmacro 2016/05/16 v1.5 Let assignment for LaTeX macros (HO)
Package: hopatch 2016/05/16 v1.3 Wrapper for package hooks (HO)
Package: xcolor-patch 2016/05/16 xcolor patch
Package: atveryend 2016/05/16 v1.9 Hooks at the very end of document (HO)
Package: atbegshi 2016/06/09 v1.18 At begin shipout hook (HO)
Package: refcount 2016/05/16 v3.5 Data extraction from label references (HO)
Package: hycolor 2016/05/16 v1.8 Color options for hyperref/bookmark (HO)
)
("C:\Users\miraa\AppData\Local\Programs\MiKTeX 2.9\tex\latex\oberdiek\auxhook.s
ty"
Package: auxhook 2016/05/16 v1.4 Hooks for auxiliary files (HO)
)
\@linkdim=\dimen144
\Hy@linkcounter=\count154
\Hy@pagecounter=\count155

("C:\Users\miraa\AppData\Local\Programs\MiKTeX 2.9\tex\latex\hyperref\pd1enc.de
f"
File: pd1enc.def 2018/02/06 v6.86b Hyperref: PDFDocEncoding definition (HO)
)
\Hy@SavedSpaceFactor=\count156

("C:\Users\miraa\AppData\Local\Programs\MiKTeX 2.9\tex\latex\00miktex\hyperref.
cfg"
File: hyperref.cfg 2002/06/06 v1.2 hyperref configuration of TeXLive
)
Package hyperref Info: Option `colorlinks' set `true' on input line 4383.
Package hyperref Info: Option `bookmarks' set `true' on input line 4383.
Package hyperref Info: Hyper figures OFF on input line 4509.
Package hyperref Info: Link nesting OFF on input line 4514.
Package hyperref Info: Hyper index ON on input line 4517.
Package hyperref Info: Plain pages OFF on input line 4524.
Package hyperref Info: Backreferencing ON on input line 4527.
Package hyperref Info: Implicit mode ON; LaTeX internals redefined.
Package hyperref Info: Bookmarks ON on input line 4762.

("C:\Users\miraa\AppData\Local\Programs\MiKTeX 2.9\tex\latex\hyperref\backref.s
ty"
Package: backref 2016/05/21 v1.39 Bibliographical back referencing

("C:\Users\miraa\AppData\Local\Programs\MiKTeX 2.9\tex\latex\oberdiek\rerunfile
check.sty"
Package: rerunfilecheck 2016/05/16 v1.8 Rerun checks for auxiliary files (HO)
Package uniquecounter Info: New unique counter `rerunfilecheck' on input line 2
82.
))
\c@Hy@tempcnt=\count157

("C:\Users\miraa\AppData\Local\Programs\MiKTeX 2.9\tex\latex\url\url.sty"
\Urlmuskip=\muskip11
Package: url 2013/09/16  ver 3.4  Verb mode for urls, etc.
)
LaTeX Info: Redefining \url on input line 5115.
\XeTeXLinkMargin=\dimen145
\Fld@menulength=\count158
\Field@Width=\dimen146
\Fld@charsize=\dimen147
Package hyperref Info: Hyper figures OFF on input line 6369.
Package hyperref Info: Link nesting OFF on input line 6374.
Package hyperref Info: Hyper index ON on input line 6377.
Package hyperref Info: backreferencing ON on input line 6382.
Package hyperref Info: Link coloring ON on input line 6387.
Package hyperref Info: Link coloring with OCG OFF on input line 6394.
Package hyperref Info: PDF/A mode OFF on input line 6399.
LaTeX Info: Redefining \ref on input line 6439.
LaTeX Info: Redefining \pageref on input line 6443.
\Hy@abspage=\count159
\c@Item=\count160
\c@Hfootnote=\count161
)
Package hyperref Info: Driver (autodetected): hpdftex.

("C:\Users\miraa\AppData\Local\Programs\MiKTeX 2.9\tex\latex\hyperref\hpdftex.d
ef"
File: hpdftex.def 2018/02/06 v6.86b Hyperref driver for pdfTeX
\Fld@listcount=\count162
\c@bookmark@seq@number=\count163
\Hy@SectionHShift=\skip79
)
("C:\Users\miraa\AppData\Local\Programs\MiKTeX 2.9\tex\latex\lineno\lineno.sty"
Package: lineno 2005/11/02 line numbers on paragraphs v4.41
\linenopenalty=\count164
\output=\toks43
\linenoprevgraf=\count165
\linenumbersep=\dimen148
\linenumberwidth=\dimen149
\c@linenumber=\count166
\c@pagewiselinenumber=\count167
\c@LN@truepage=\count168
\c@internallinenumber=\count169
\c@internallinenumbers=\count170
\quotelinenumbersep=\dimen150
\bframerule=\dimen151
\bframesep=\dimen152
\bframebox=\box63
LaTeX Info: Redefining \\ on input line 3056.
) ("C:\Users\miraa\AppData\Local\Programs\MiKTeX 2.9\tex\latex\base\makeidx.sty
"
Package: makeidx 2014/09/29 v1.0m Standard LaTeX package
)
("C:\Users\miraa\AppData\Local\Programs\MiKTeX 2.9\tex\latex\subfig\subfig.sty"
Package: subfig 2005/06/28 ver: 1.3 subfig package

("C:\Users\miraa\AppData\Local\Programs\MiKTeX 2.9\tex\latex\caption\caption.st
y"
Package: caption 2016/02/21 v3.3-144 Customizing captions (AR)

("C:\Users\miraa\AppData\Local\Programs\MiKTeX 2.9\tex\latex\caption\caption3.s
ty"
Package: caption3 2016/05/22 v1.7-166 caption3 kernel (AR)
Package caption3 Info: TeX engine: e-TeX on input line 67.
\captionmargin=\dimen153
\captionmargin@=\dimen154
\captionwidth=\dimen155
\caption@tempdima=\dimen156
\caption@indent=\dimen157
\caption@parindent=\dimen158
\caption@hangindent=\dimen159
)
\c@ContinuedFloat=\count171
Package caption Info: float package is loaded.
Package caption Info: hyperref package is loaded.
Package caption Info: longtable package is loaded.

("C:\Users\miraa\AppData\Local\Programs\MiKTeX 2.9\tex\latex\caption\ltcaption.
sty"
Package: ltcaption 2013/06/09 v1.4-94 longtable captions (AR)
)
Package caption Info: rotating package is loaded.
)
\c@KVtest=\count172
\sf@farskip=\skip80
\sf@captopadj=\dimen160
\sf@capskip=\skip81
\sf@nearskip=\skip82
\c@subfigure=\count173
\c@subfigure@save=\count174
\c@lofdepth=\count175
\c@subtable=\count176
\c@subtable@save=\count177
\c@lotdepth=\count178
\sf@top=\skip83
\sf@bottom=\skip84
)
("C:\Users\miraa\AppData\Local\Programs\MiKTeX 2.9\tex\latex\booktabs\booktabs.
sty"
Package: booktabs 2005/04/14 v1.61803 publication quality tables
\heavyrulewidth=\dimen161
\lightrulewidth=\dimen162
\cmidrulewidth=\dimen163
\belowrulesep=\dimen164
\belowbottomsep=\dimen165
\aboverulesep=\dimen166
\abovetopsep=\dimen167
\cmidrulesep=\dimen168
\cmidrulekern=\dimen169
\defaultaddspace=\dimen170
\@cmidla=\count179
\@cmidlb=\count180
\@aboverulesep=\dimen171
\@belowrulesep=\dimen172
\@thisruleclass=\count181
\@lastruleclass=\count182
\@thisrulewidth=\dimen173
)
("C:\Users\miraa\AppData\Local\Programs\MiKTeX 2.9\tex\latex\textpos\textpos.st
y"
Package: textpos 2016/06/07 v1.8

Package: textpos 2016/06/07 1.8, absolute positioning of text on the page
("C:\Users\miraa\AppData\Local\Programs\MiKTeX 2.9\tex\latex\ms\everyshi.sty"
Package: everyshi 2001/05/15 v3.00 EveryShipout Package (MS)
)
\TP@textbox=\box64
\TP@holdbox=\box65
\TPHorizModule=\dimen174
\TPVertModule=\dimen175
\TP@margin=\dimen176
\TP@absmargin=\dimen177

Grid set 16 x 16 = 37.34424pt x 52.81541pt
\TPboxrulesize=\dimen178
\TP@ox=\dimen179
\TP@oy=\dimen180
\TP@tbargs=\toks44
\TP@prevdepth=\dimen181
TextBlockOrigin set to 0pt x 0pt
)
("C:\Users\miraa\AppData\Local\Programs\MiKTeX 2.9\tex\latex\listings\listings.
sty"
\lst@mode=\count183
\lst@gtempboxa=\box66
\lst@token=\toks45
\lst@length=\count184
\lst@currlwidth=\dimen182
\lst@column=\count185
\lst@pos=\count186
\lst@lostspace=\dimen183
\lst@width=\dimen184
\lst@newlines=\count187
\lst@lineno=\count188
\lst@maxwidth=\dimen185

("C:\Users\miraa\AppData\Local\Programs\MiKTeX 2.9\tex\latex\listings\lstmisc.s
ty"
File: lstmisc.sty 2015/06/04 1.6 (Carsten Heinz)
\c@lstnumber=\count189
\lst@skipnumbers=\count190
\lst@framebox=\box67
)
("C:\Users\miraa\AppData\Local\Programs\MiKTeX 2.9\tex\latex\listings\listings.
cfg"
File: listings.cfg 2015/06/04 1.6 listings configuration
))
Package: listings 2015/06/04 1.6 (Carsten Heinz)

("C:\Users\miraa\AppData\Local\Programs\MiKTeX 2.9\tex\latex\listings\lstlang1.
sty"
File: lstlang1.sty 2015/06/04 1.6 listings language file
)
("C:\Users\miraa\AppData\Local\Programs\MiKTeX 2.9\tex\latex\listings\lstmisc.s
ty"
File: lstmisc.sty 2015/06/04 1.6 (Carsten Heinz)
))
("C:\Users\miraa\AppData\Local\Programs\MiKTeX 2.9\tex\latex\natbib\natbib.sty"
Package: natbib 2010/09/13 8.31b (PWD, AO)
\bibhang=\skip85
\bibsep=\skip86
LaTeX Info: Redefining \cite on input line 694.
\c@NAT@ctr=\count191
)
\@nomenclaturefile=\write3
\openout3 = `thesis.nlo'.


Writing nomenclature file thesis.nlo

("C:\Users\miraa\AppData\Local\Programs\MiKTeX 2.9\tex\latex\titlesec\ttlkeys.d
ef"
File: ttlkeys.def 2016/03/15
\c@ttlp@side=\count192
\ttlp@side=\count193
) (thesis.aux (titlepage.aux)

LaTeX Warning: Label `fig:compressionpaddles' multiply defined.

)
\openout1 = `thesis.aux'.

LaTeX Font Info:    Checking defaults for OML/cmm/m/it on input line 57.
LaTeX Font Info:    ... okay on input line 57.
LaTeX Font Info:    Checking defaults for T1/cmr/m/n on input line 57.
LaTeX Font Info:    ... okay on input line 57.
LaTeX Font Info:    Checking defaults for OT1/cmr/m/n on input line 57.
LaTeX Font Info:    ... okay on input line 57.
LaTeX Font Info:    Checking defaults for OMS/cmsy/m/n on input line 57.
LaTeX Font Info:    ... okay on input line 57.
LaTeX Font Info:    Checking defaults for OMX/cmex/m/n on input line 57.
LaTeX Font Info:    ... okay on input line 57.
LaTeX Font Info:    Checking defaults for U/cmr/m/n on input line 57.
LaTeX Font Info:    ... okay on input line 57.
LaTeX Font Info:    Checking defaults for LGR/cmr/m/n on input line 57.
LaTeX Font Info:    Try loading font information for LGR+cmr on input line 57.

("C:\Users\miraa\AppData\Local\Programs\MiKTeX 2.9\tex\latex\cbfonts-fd\lgrcmr.
fd"
File: lgrcmr.fd 2017/07/29 v1.2 Greek European Computer Regular
)
LaTeX Font Info:    ... okay on input line 57.
LaTeX Font Info:    Checking defaults for TS1/cmr/m/n on input line 57.
LaTeX Font Info:    Try loading font information for TS1+cmr on input line 57.
 ("C:\Users\miraa\AppData\Local\Programs\MiKTeX 2.9\tex\latex\base\ts1cmr.fd"
File: ts1cmr.fd 2014/09/29 v2.5h Standard LaTeX font definitions
)
LaTeX Font Info:    ... okay on input line 57.
LaTeX Font Info:    Checking defaults for PD1/pdf/m/n on input line 57.
LaTeX Font Info:    ... okay on input line 57.

("C:\Users\miraa\AppData\Local\Programs\MiKTeX 2.9\tex\context\base\supp-pdf.mk
ii"
[Loading MPS to PDF converter (version 2006.09.02).]
\scratchcounter=\count194
\scratchdimen=\dimen186
\scratchbox=\box68
\nofMPsegments=\count195
\nofMParguments=\count196
\everyMPshowfont=\toks46
\MPscratchCnt=\count197
\MPscratchDim=\dimen187
\MPnumerator=\count198
\makeMPintoPDFobject=\count199
\everyMPtoPDFconversion=\toks47
)
("C:\Users\miraa\AppData\Local\Programs\MiKTeX 2.9\tex\latex\oberdiek\epstopdf-
base.sty"
Package: epstopdf-base 2016/05/15 v2.6 Base part for package epstopdf

("C:\Users\miraa\AppData\Local\Programs\MiKTeX 2.9\tex\latex\oberdiek\grfext.st
y"
Package: grfext 2016/05/16 v1.2 Manage graphics extensions (HO)
)
Package epstopdf-base Info: Redefining graphics rule for `.eps' on input line 4
38.
Package grfext Info: Graphics extension search list:
(grfext)             [.pdf,.png,.jpg,.mps,.jpeg,.jbig2,.jb2,.PDF,.PNG,.JPG,.JPE
G,.JBIG2,.JB2,.eps]
(grfext)             \AppendGraphicsExtensions on input line 456.
)
\AtBeginShipoutBox=\box69
Package backref Info: ** backref set up for natbib ** on input line 57.
Package hyperref Info: Link coloring ON on input line 57.

("C:\Users\miraa\AppData\Local\Programs\MiKTeX 2.9\tex\latex\hyperref\nameref.s
ty"
Package: nameref 2016/05/21 v2.44 Cross-referencing by name of section

("C:\Users\miraa\AppData\Local\Programs\MiKTeX 2.9\tex\generic\oberdiek\gettitl
estring.sty"
Package: gettitlestring 2016/05/16 v1.5 Cleanup title references (HO)
)
\c@section@level=\count266
)
LaTeX Info: Redefining \ref on input line 57.
LaTeX Info: Redefining \pageref on input line 57.
LaTeX Info: Redefining \nameref on input line 57.
 (thesis.out) (thesis.out)
\@outlinefile=\write4
\openout4 = `thesis.out'.

Package caption Info: Begin \AtBeginDocument code.
Package caption Info: subfig package v1.3 is loaded.
Package caption Info: listings package is loaded.
Package caption Info: End \AtBeginDocument code.
 ABD: EveryShipout initializing macros
\c@lstlisting=\count267
\openout2 = `titlepage.aux'.


(titlepage.tex
<figures/univGrenobleAlpes.jpg, id=355, 280.04625pt x 181.67876pt>
File: figures/univGrenobleAlpes.jpg Graphic file (type jpg)
<use figures/univGrenobleAlpes.jpg>
Package pdftex.def Info: figures/univGrenobleAlpes.jpg  used on input line 3.
(pdftex.def)             Requested size: 87.71506pt x 56.9055pt.
\backupparindent=\skip87
LaTeX Font Info:    Try loading font information for U+stmry on input line 33.

("C:\Users\miraa\AppData\Local\Programs\MiKTeX 2.9\tex\latex\stmaryrd\ustmry.fd
")
LaTeX Font Info:    Try loading font information for U+msa on input line 33.
 ("C:\Users\miraa\AppData\Local\Programs\MiKTeX 2.9\tex\latex\amsfonts\umsa.fd"
File: umsa.fd 2013/01/14 v3.01 AMS symbols A
)
LaTeX Font Info:    Try loading font information for U+msb on input line 33.

("C:\Users\miraa\AppData\Local\Programs\MiKTeX 2.9\tex\latex\amsfonts\umsb.fd"
File: umsb.fd 2013/01/14 v3.01 AMS symbols B
)
LaTeX Font Info:    Try loading font information for U+rsfs on input line 33.
("C:\Users\miraa\AppData\Local\Programs\MiKTeX 2.9\tex\latex\jknappen\ursfs.fd"
File: ursfs.fd 1998/03/24 rsfs font definition file (jk)
) [1{C:/Users/miraa/AppData/Local/MiKTeX/2.9/pdftex/config/pdftex.map}


 <./figures/univGrenobleAlpes.jpg>]) [2


] (thesis.toc [3

]

Package Fancyhdr Warning: \headheight is too small (12.0pt): 
 Make it at least 14.49998pt.
 We now make it that large for the rest of the document.
 This may cause the page layout to be inconsistent, however.

[4])
\tf@toc=\write5
\openout5 = `thesis.toc'.

 [5] [6

] (thesis.lof [7

] [8])
\tf@lof=\write6
\openout6 = `thesis.lof'.

 [9] [10

] (thesis.lot
Missing character: There is no ‚ in font cmr12!
Missing character: There is no Ä in font cmr12!
Missing character: There is no ô in font cmr12!
)
\tf@lot=\write7
\openout7 = `thesis.lot'.

 [11

] [12

]
No file thesis.nls.
[1



] (chapters/introduction.tex
Missing character: There is no ‚ in font cmr12!
Missing character: There is no Ä in font cmr12!
Missing character: There is no ô in font cmr12!
Missing character: There is no ‚ in font cmr12!
Missing character: There is no Ä in font cmr12!
Missing character: There is no ì in font cmr12!
 [2

] [3

] [4

] [5

] [6

]) [7

] [8

] [9

]
Chapter 1.
(chapters/background.tex [10

]
<figures/breast_evolution_my.png, id=728, 989.19562pt x 460.72125pt>
File: figures/breast_evolution_my.png Graphic file (type png)
<use figures/breast_evolution_my.png>
Package pdftex.def Info: figures/breast_evolution_my.png  used on input line 22
.
(pdftex.def)             Requested size: 368.57838pt x 171.66632pt.
 [11

 <./figures/breast_evolution_my.png>]
<figures/breastEvol_fascia_my.jpg, id=748, 652.839pt x 164.41425pt>
File: figures/breastEvol_fascia_my.jpg Graphic file (type jpg)
<use figures/breastEvol_fascia_my.jpg>
Package pdftex.def Info: figures/breastEvol_fascia_my.jpg  used on input line 3
8.
(pdftex.def)             Requested size: 414.6463pt x 104.42947pt.
<figures/Breast_quadrants_full.png, id=756, 1410.0178pt x 445.665pt>
File: figures/Breast_quadrants_full.png Graphic file (type png)
<use figures/Breast_quadrants_full.png>
Package pdftex.def Info: figures/Breast_quadrants_full.png  used on input line 
52.
(pdftex.def)             Requested size: 460.72124pt x 145.62143pt.
 [12 <./figures/breastEvol_fascia_my.jpg> <./figures/Breast_quadrants_full.png>
]
Overfull \hbox (6.95447pt too wide) in paragraph at lines 71--72
\OT1/cmr/m/n/12 Breast het-ero-gen-eous struc-ture in-cludes a mix-ture of par-
en-chyma and adipose tis-sue (fig.[][]1.4[][]).
 []

[13]
<figures/anatomieSeinEuBlack2.png, id=790, 1075.01625pt x 555.57562pt>
File: figures/anatomieSeinEuBlack2.png Graphic file (type png)
<use figures/anatomieSeinEuBlack2.png>
Package pdftex.def Info: figures/anatomieSeinEuBlack2.png  used on input line 8
0.
(pdftex.def)             Requested size: 460.72124pt x 238.10445pt.
<figures/skin_2.jpg, id=794, 728.7225pt x 537.50812pt>
File: figures/skin_2.jpg Graphic file (type jpg)
<use figures/skin_2.jpg>
Package pdftex.def Info: figures/skin_2.jpg  used on input line 93.
(pdftex.def)             Requested size: 230.36061pt x 169.91467pt.


LaTeX Warning: `!h' float specifier changed to `!ht'.

[14 <./figures/anatomieSeinEuBlack2.png>] [15 <./figures/skin_2.jpg>]
<figures/breastLigaments2.png, id=833, 390.86024pt x 195.129pt>
File: figures/breastLigaments2.png Graphic file (type png)
<use figures/breastLigaments2.png>
Package pdftex.def Info: figures/breastLigaments2.png  used on input line 111.
(pdftex.def)             Requested size: 322.50345pt x 161.00722pt.
<figures/lyphaticDrainageandArtery.PNG, id=838, 785.93625pt x 328.22626pt>
File: figures/lyphaticDrainageandArtery.PNG Graphic file (type png)
<use figures/lyphaticDrainageandArtery.PNG>
Package pdftex.def Info: figures/lyphaticDrainageandArtery.PNG  used on input l
ine 124.
(pdftex.def)             Requested size: 460.72124pt x 192.41475pt.
 [16 <./figures/breastLigaments2.png> <./figures/lyphaticDrainageandArtery.PNG>
] [17]
[18] [19]
<figures/xraymammo.PNG, id=915, 234.1247pt x 134.00063pt>
File: figures/xraymammo.PNG Graphic file (type png)
<use figures/xraymammo.PNG>
Package pdftex.def Info: figures/xraymammo.PNG  used on input line 188.
(pdftex.def)             Requested size: 230.36061pt x 131.85335pt.
Missing character: There is no ‚ in font cmr12!
Missing character: There is no Ä in font cmr12!
Missing character: There is no ô in font cmr12!
 [20 <./figures/xraymammo.PNG>] [21]) [22] [23


]
Chapter 2.
(chapters/bioMecaModelsBackground.tex [24

]
Missing character: There is no ‚ in font cmbx12!
Missing character: There is no Ä in font cmbx12!
Missing character: There is no ú in font cmbx12!
Missing character: There is no ‚ in font cmbx12!
Missing character: There is no Ä in font cmbx12!
Missing character: There is no ù in font cmbx12!
<figures/referenceFig.png, id=986, 1055.44313pt x 590.95781pt>
File: figures/referenceFig.png Graphic file (type png)
<use figures/referenceFig.png>
Package pdftex.def Info: figures/referenceFig.png  used on input line 37.
(pdftex.def)             Requested size: 322.50345pt x 180.571pt.
 [25

] [26 <./figures/referenceFig.png>]
<figures/deformationTensorDecomposition.png, id=1006, 441.90094pt x 174.6525pt>

File: figures/deformationTensorDecomposition.png Graphic file (type png)
<use figures/deformationTensorDecomposition.png>
Package pdftex.def Info: figures/deformationTensorDecomposition.png  used on in
put line 90.
(pdftex.def)             Requested size: 322.50345pt x 127.46861pt.

Overfull \hbox (4.3003pt too wide) in paragraph at lines 100--102
\OT1/cmr/m/n/12 and con-sists loc-ally on three mu-tu-ally or-tho-gonal stretch
es named \OT1/cmr/bx/n/12 the prin-cipal stretches\OT1/cmr/m/n/12 . 
 []

[27] [28 <./figures/deformationTensorDecomposition.png>] [29]
<figures/internalcontactForceDefinition.png, id=1037, 470.50781pt x 194.97844pt
>
File: figures/internalcontactForceDefinition.png Graphic file (type png)
<use figures/internalcontactForceDefinition.png>
Package pdftex.def Info: figures/internalcontactForceDefinition.png  used on in
put line 199.
(pdftex.def)             Requested size: 322.50345pt x 133.64569pt.
Missing character: There is no ‚ in font cmr12!
Missing character: There is no Ä in font cmr12!
Missing character: There is no ô in font cmr12!
 [30 <./figures/internalcontactForceDefinition.png>]
<figures/stressnotion.png, id=1046, 632.3625pt x 179.92218pt>
File: figures/stressnotion.png Graphic file (type png)
<use figures/stressnotion.png>
Package pdftex.def Info: figures/stressnotion.png  used on input line 228.
(pdftex.def)             Requested size: 322.50345pt x 91.76184pt.
 [31 <./figures/stressnotion.png>] [32]
[33]
Overfull \hbox (5.26451pt too wide) in paragraph at lines 351--352
\OT1/cmr/m/n/12 The Og-den ([][][]Og-den[][], [][]1972[][]) ma-ter-ial model is
 based on the three prin-cipal stretches ($\OML/cmm/m/it/12 []; []; []$\OT1/
cmr/m/n/12 )
 []

[34] [35]
<figures/lagrangian_mesh.jpg, id=1115, 733.99219pt x 335.00156pt>
File: figures/lagrangian_mesh.jpg Graphic file (type jpg)
<use figures/lagrangian_mesh.jpg>
Package pdftex.def Info: figures/lagrangian_mesh.jpg  used on input line 393.
(pdftex.def)             Requested size: 368.57838pt x 168.22623pt.
 [36 <./figures/lagrangian_mesh.jpg>]
<figures/fe_method.jpg, id=1123, 1115.66812pt x 182.93344pt>
File: figures/fe_method.jpg Graphic file (type jpg)
<use figures/fe_method.jpg>
Package pdftex.def Info: figures/fe_method.jpg  used on input line 410.
(pdftex.def)             Requested size: 368.57838pt x 60.43521pt.
<figures/discretization.jpg, id=1125, 1147.28625pt x 303.38344pt>
File: figures/discretization.jpg Graphic file (type jpg)
<use figures/discretization.jpg>
Package pdftex.def Info: figures/discretization.jpg  used on input line 427.
(pdftex.def)             Requested size: 460.72124pt x 121.82803pt.


LaTeX Warning: `!h' float specifier changed to `!ht'.

[37 <./figures/fe_method.jpg>]
<figures/aspectRatio.png, id=1135, 974.89218pt x 310.15875pt>
File: figures/aspectRatio.png Graphic file (type png)
<use figures/aspectRatio.png>
Package pdftex.def Info: figures/aspectRatio.png  used on input line 444.
(pdftex.def)             Requested size: 414.6463pt x 131.91747pt.


LaTeX Warning: `!h' float specifier changed to `!ht'.

[38 <./figures/discretization.jpg>]
<figures/maximalcornerangle.png, id=1142, 658.71094pt x 236.38312pt>
File: figures/maximalcornerangle.png Graphic file (type png)
<use figures/maximalcornerangle.png>
Package pdftex.def Info: figures/maximalcornerangle.png  used on input line 454
.
(pdftex.def)             Requested size: 276.43555pt x 99.20087pt.
<figures/skewness.png, id=1144, 664.4022pt x 313.17pt>
File: figures/skewness.png Graphic file (type png)
<use figures/skewness.png>
Package pdftex.def Info: figures/skewness.png  used on input line 466.
(pdftex.def)             Requested size: 276.43555pt x 130.3024pt.


LaTeX Warning: `!h' float specifier changed to `!ht'.

[39 <./figures/aspectRatio.png> <./figures/maximalcornerangle.png>] [40 <./figu
res/skewness.png>]
<figures/contact_bodies.jpg, id=1158, 476.53032pt x 415.5525pt>
File: figures/contact_bodies.jpg Graphic file (type jpg)
<use figures/contact_bodies.jpg>
Package pdftex.def Info: figures/contact_bodies.jpg  used on input line 495.
(pdftex.def)             Requested size: 184.28568pt x 160.70789pt.
 [41 <./figures/contact_bodies.jpg>]
Overfull \hbox (4.73544pt too wide) in paragraph at lines 537--552
 [] 
 []

[42]
<figures/pinball.jpg, id=1176, 1431.84938pt x 456.95718pt>
File: figures/pinball.jpg Graphic file (type jpg)
<use figures/pinball.jpg>
Package pdftex.def Info: figures/pinball.jpg  used on input line 584.
(pdftex.def)             Requested size: 460.72124pt x 147.03113pt.
<figures/gap_penetration.jpg, id=1178, 1258.7025pt x 386.19281pt>
File: figures/gap_penetration.jpg Graphic file (type jpg)
<use figures/gap_penetration.jpg>
Package pdftex.def Info: figures/gap_penetration.jpg  used on input line 599.
(pdftex.def)             Requested size: 460.72124pt x 141.35696pt.
 [43] [44 <./figures/pinball.jpg> <./figures/gap_penetration.jpg>]
<figures/projecte_surface.jpg, id=1192, 916.92563pt x 246.9225pt>
File: figures/projecte_surface.jpg Graphic file (type jpg)
<use figures/projecte_surface.jpg>
Package pdftex.def Info: figures/projecte_surface.jpg  used on input line 611.
(pdftex.def)             Requested size: 460.72124pt x 124.0713pt.
 [45 <./figures/projecte_surface.jpg>] [46]
<figures/prediction-correction.jpg, id=1255, 1251.17438pt x 649.67719pt>
File: figures/prediction-correction.jpg Graphic file (type jpg)
<use figures/prediction-correction.jpg>
Package pdftex.def Info: figures/prediction-correction.jpg  used on input line 
661.
(pdftex.def)             Requested size: 460.72124pt x 239.22685pt.


LaTeX Warning: `!h' float specifier changed to `!ht'.

[47]
Missing character: There is no ‚ in font cmr12!
Missing character: There is no Ä in font cmr12!
Missing character: There is no ô in font cmr12!

Underfull \vbox (badness 10000) has occurred while \output is active []

 [48 <./figures/prediction-correction.jpg>]
Overfull \hbox (3.41862pt too wide) in paragraph at lines 693--693
[]|\OT1/cmr/m/n/12 Indentation-
 []


Underfull \hbox (badness 10000) in paragraph at lines 693--693
[]|\OT1/cmr/m/n/12 Linear
 []


Overfull \hbox (3.41862pt too wide) in paragraph at lines 694--694
[]|\OT1/cmr/m/n/12 Indentation-
 []


Underfull \hbox (badness 10000) in paragraph at lines 694--694
[]|\OT1/cmr/m/n/12 Linear
 []


Underfull \hbox (badness 10000) in paragraph at lines 695--695
[]|\OT1/cmr/m/n/12 Indentation
 []


Underfull \hbox (badness 10000) in paragraph at lines 695--695
[]|\OT1/cmr/m/n/12 Linear
 []


Underfull \hbox (badness 10000) in paragraph at lines 696--696
[]|\OT1/cmr/m/n/12 Indentation
 []


Underfull \hbox (badness 10000) in paragraph at lines 696--696
[]|\OT1/cmr/m/n/12 Linear
 []


Underfull \hbox (badness 6876) in paragraph at lines 697--697
[]|[][]\OT1/cmr/m/n/12 Samani and Plewes[][]
 []


Underfull \hbox (badness 10000) in paragraph at lines 697--697
[]|\OT1/cmr/m/n/12 Linear
 []


Underfull \hbox (badness 6364) in paragraph at lines 699--699
[]|[][]\OT1/cmr/m/n/12 Van Houten et al.[][]
 []


Underfull \hbox (badness 10000) in paragraph at lines 699--699
[]|\OT1/cmr/m/n/12 Linear
 []


Underfull \hbox (badness 10000) in paragraph at lines 700--700
[]|\OT1/cmr/m/n/12 Visco-
 []


Underfull \hbox (badness 10000) in paragraph at lines 701--701
[]|\OT1/cmr/m/n/12 Neo-
 []


Underfull \hbox (badness 10000) in paragraph at lines 702--702
[]|\OT1/cmr/m/n/12 Neo-
 []


Underfull \hbox (badness 10000) in paragraph at lines 703--703
[]|\OT1/cmr/m/n/12 Neo-
 []


Underfull \hbox (badness 1609) in paragraph at lines 703--703
[]|$\OML/cmm/m/it/12 E \OT1/cmr/m/n/12 = 0\OML/cmm/m/it/12 :\OT1/cmr/m/n/12 22 
\OMS/cmsy/m/n/12  
 []


Underfull \hbox (badness 10000) in paragraph at lines 704--704
[]|\OT1/cmr/m/n/12 Neo-
 []


Underfull \hbox (badness 10000) in paragraph at lines 705--705
[]|[][]\OT1/cmr/m/n/12 Griesenauer et al.[][]
 []


Underfull \hbox (badness 10000) in paragraph at lines 705--705
[]|\OT1/cmr/m/n/12 Hooks
 []


LaTeX Warning: `!h' float specifier changed to `!ht'.

Missing character: There is no ‚ in font cmr12!
Missing character: There is no Ä in font cmr12!
Missing character: There is no ô in font cmr12!
[49] [50] [51] [52] (appendices/biomechanicalmodeltable.tex
Underfull \hbox (badness 10000) in paragraph at lines 31--31
[]|\OT1/cmr/m/n/10.95 Stress-free
 []


Underfull \hbox (badness 10000) in paragraph at lines 31--31
[]|[][]\OT1/cmr/m/n/10.95 Azar et al.[][]
 []


Underfull \hbox (badness 10000) in paragraph at lines 31--31
[]|\OT1/cmr/m/n/10.95 Computer
 []


Underfull \hbox (badness 10000) in paragraph at lines 31--31
\OT1/cmr/m/n/10.95 (tri-lin-ear iso-tropic
 []


Underfull \hbox (badness 10000) in paragraph at lines 31--31
[]|\OT1/cmr/m/n/10.95 Skin-elastic lin-ear,
 []


Underfull \hbox (badness 10000) in paragraph at lines 31--31
\OT1/cmr/m/n/10.95 adipose,glamdular-
 []


Underfull \hbox (badness 10000) in paragraph at lines 31--31
[]|\OT1/cmr/m/n/10.95 Sliding between
 []


Underfull \hbox (badness 10000) in paragraph at lines 31--31
[]|\OT1/cmr/m/n/10.95 Prone breast
 []


Underfull \hbox (badness 10000) in paragraph at lines 31--31
[]|[][]\OT1/cmr/m/n/10.95 Rajagopal
 []


Underfull \hbox (badness 10000) in paragraph at lines 31--31
[]|\OT1/cmr/m/n/10.95 Breast com-
 []


Underfull \hbox (badness 10000) in paragraph at lines 31--31
\OT1/cmr/m/n/10.95 (tricu-bic Hermite
 []


Underfull \hbox (badness 10000) in paragraph at lines 31--31
[]|\OT1/cmr/m/n/10.95 Zero-displacement
 []


Underfull \hbox (badness 10000) in paragraph at lines 31--31
[]|\OT1/cmr/m/n/10.95 Buoyant
 []


Underfull \hbox (badness 10000) in paragraph at lines 31--31
[]|[][]\OT1/cmr/m/n/10.95 Pathmanathan
 []


Underfull \hbox (badness 10000) in paragraph at lines 31--31
[]|\OT1/cmr/m/n/10.95 Homogeneous breast-
 []


Underfull \hbox (badness 10000) in paragraph at lines 31--31
\OT1/cmr/m/n/10.95 polynomial hy-per-e-lastic;
 []


Underfull \hbox (badness 10000) in paragraph at lines 31--31
\OT1/cmr/m/n/10.95 Skin ex-po-nen-tial hy-per-e-
 []


Underfull \hbox (badness 10000) in paragraph at lines 31--31
[]|\OT1/cmr/m/n/10.95 Zero-displacement
 []


Underfull \hbox (badness 4279) in paragraph at lines 31--31
\OT1/cmr/m/n/10.95 sion with im-posed
 []


Underfull \hbox (badness 10000) in paragraph at lines 31--31
[]|[][]\OT1/cmr/m/n/10.95 Han et al.[][]
 []


Underfull \hbox (badness 1603) in paragraph at lines 31--31
[]|\OT1/cmr/m/n/10.95 Sliding on pec-toral
 []


Underfull \hbox (badness 10000) in paragraph at lines 31--31
[]|\OT1/cmr/m/n/10.95 Computer
 []


Underfull \hbox (badness 10000) in paragraph at lines 31--31
\OT1/cmr/m/n/10.95 (tricu-bic Hermite
 []


Underfull \hbox (badness 10000) in paragraph at lines 31--31
[]|\OT1/cmr/m/n/10.95 Homogeneous+ muscle-
 []


Underfull \hbox (badness 10000) in paragraph at lines 31--31
[]|\OT1/cmr/m/n/10.95 Zero-displacement
 []


Underfull \hbox (badness 10000) in paragraph at lines 31--31
\OT1/cmr/m/n/10.95 BC on rib cage
 []


Underfull \hbox (badness 10000) in paragraph at lines 31--31
\OT1/cmr/m/n/10.95 sur-face, Sternum,
 []


Underfull \hbox (badness 10000) in paragraph at lines 31--31
[]|\OT1/cmr/m/n/10.95 PC it-er-at-ive
 []


Underfull \hbox (badness 3792) in paragraph at lines 31--31
[]|[][]\OT1/cmr/m/n/10.95 Patete et al.[][]
 []


Underfull \hbox (badness 10000) in paragraph at lines 31--31
[]|\OT1/cmr/m/n/10.95 Computer
 []


Underfull \hbox (badness 10000) in paragraph at lines 31--31
\OT1/cmr/m/n/10.95 (tri-lin-ear iso-tropic
 []


Underfull \hbox (badness 10000) in paragraph at lines 31--31
[]|\OT1/cmr/m/n/10.95 Zero-displacement
 []


Underfull \hbox (badness 10000) in paragraph at lines 31--31
[]|\OT1/cmr/m/n/10.95 PC it-er-at-ive
 []


Underfull \hbox (badness 10000) in paragraph at lines 31--31
[]|[][]\OT1/cmr/m/n/10.95 Kuhlmann
 []


Underfull \hbox (badness 4279) in paragraph at lines 31--31
[]|\OT1/cmr/m/n/10.95 Adipose, glandular- lin-ear
 []


Underfull \hbox (badness 4582) in paragraph at lines 31--31
\OT1/cmr/m/n/10.95 gel-like (Eu-lerian for-mu-la-
 []


Underfull \hbox (badness 1117) in paragraph at lines 31--31
\OT1/cmr/m/n/10.95 ter-ial (Lag-rangian for-mu-la-
 []


Underfull \hbox (badness 10000) in paragraph at lines 31--31
[]|\OT1/cmr/m/n/10.95 Zero-displacement
 []


Underfull \hbox (badness 10000) in paragraph at lines 31--31
[]|\OT1/cmr/m/n/10.95 PC it-er-at-ive
 []


Underfull \hbox (badness 1199) in paragraph at lines 31--31
[]|[][]\OT1/cmr/m/n/10.95 Georgii et al.[][]
 []


Underfull \hbox (badness 1708) in paragraph at lines 31--31
[]|\OT1/cmr/m/n/10.95 Surgery sim-u-
 []


Underfull \hbox (badness 10000) in paragraph at lines 31--31
[]|\OT1/cmr/m/n/10.95 homogeneous elastic ma-
 []


Underfull \hbox (badness 2608) in paragraph at lines 31--31
\OT1/cmr/m/n/10.95 ter-ial, Cooper's ligaments-
 []


Underfull \hbox (badness 7379) in paragraph at lines 31--31
[]|[][]\OT1/cmr/m/n/10.95 Eiben et al.[][]
 []


Underfull \hbox (badness 10000) in paragraph at lines 31--31
[]|\OT1/cmr/m/n/10.95 Surgery out-
 []


Underfull \hbox (badness 10000) in paragraph at lines 31--31
\OT1/cmr/m/n/10.95 come pre-dic-
 []


Underfull \hbox (badness 10000) in paragraph at lines 31--31
[]|\OT1/cmr/m/n/10.95 Fatty , glandular- Neo-
 []


Underfull \hbox (badness 10000) in paragraph at lines 31--31
\OT1/cmr/m/n/10.95 Hookean model; skin-
 []


Underfull \hbox (badness 10000) in paragraph at lines 31--31
[]|\OT1/cmr/m/n/10.95 Zero-displacement
 []


Underfull \hbox (badness 10000) in paragraph at lines 31--31
[]|\OT1/cmr/m/n/10.95 3D breast
 []


Underfull \hbox (badness 2818) in paragraph at lines 31--31
[]|\OT1/cmr/m/n/10.95 adipose, glandu-lar - Neo-
 []


Underfull \hbox (badness 10000) in paragraph at lines 31--31
[]|\OT1/cmr/m/n/10.95 zero-displacement
 []


Underfull \hbox (badness 10000) in paragraph at lines 31--31
[]|\OT1/cmr/m/n/10.95 Prone breast
 []


Overfull \hbox (4.96062pt too wide) in paragraph at lines 31--32
 [][] 
 []


LaTeX Warning: `!h' float specifier changed to `!ht'.

)) [53] [54]
Chapter 3.
(chapters/mybioMecaModel.tex [55

]
<figures/patientData.png, id=1574, 536.0025pt x 304.88907pt>
File: figures/patientData.png Graphic file (type png)
<use figures/patientData.png>
Package pdftex.def Info: figures/patientData.png  used on input line 20.
(pdftex.def)             Requested size: 414.6463pt x 235.85858pt.
 [56

 <./figures/patientData.png>]
<figures/tissues_segmentation.png, id=1586, 955.31906pt x 227.34938pt>
File: figures/tissues_segmentation.png Graphic file (type png)
<use figures/tissues_segmentation.png>
Package pdftex.def Info: figures/tissues_segmentation.png  used on input line 6
3.
(pdftex.def)             Requested size: 460.72124pt x 109.64334pt.
 [57 <./figures/tissues_segmentation.png>]
<figures/patientDataRegistered.png, id=1596, 356.83313pt x 295.85532pt>
File: figures/patientDataRegistered.png Graphic file (type png)
<use figures/patientDataRegistered.png>
Package pdftex.def Info: figures/patientDataRegistered.png  used on input line 
81.
(pdftex.def)             Requested size: 322.50345pt x 267.40494pt.


LaTeX Warning: `!h' float specifier changed to `!ht'.

<figures/xyz_axis_directions.png, id=1597, 407.27156pt x 456.95718pt>
File: figures/xyz_axis_directions.png Graphic file (type png)
<use figures/xyz_axis_directions.png>
Package pdftex.def Info: figures/xyz_axis_directions.png  used on input line 89
.
(pdftex.def)             Requested size: 322.50345pt x 361.86378pt.
[58]
<figures/3dgeometries.png, id=1604, 877.77937pt x 150.5625pt>
File: figures/3dgeometries.png Graphic file (type png)
<use figures/3dgeometries.png>
Package pdftex.def Info: figures/3dgeometries.png  used on input line 102.
(pdftex.def)             Requested size: 414.6463pt x 71.12277pt.


LaTeX Warning: `!h' float specifier changed to `!ht'.

[59 <./figures/patientDataRegistered.png>] [60 <./figures/xyz_axis_directions.p
ng> <./figures/3dgeometries.png>]
Missing character: There is no ‚ in font cmr12!
Missing character: There is no Ä in font cmr12!
Missing character: There is no ô in font cmr12!
<figures/meshquality.png, id=1633, 647.41875pt x 115.02975pt>
File: figures/meshquality.png Graphic file (type png)
<use figures/meshquality.png>
Package pdftex.def Info: figures/meshquality.png  used on input line 119.
(pdftex.def)             Requested size: 460.72124pt x 81.8595pt.
<figures/mesh3components.png, id=1635, 1024.42725pt x 198.7425pt>
File: figures/mesh3components.png Graphic file (type png)
<use figures/mesh3components.png>
Package pdftex.def Info: figures/mesh3components.png  used on input line 128.
(pdftex.def)             Requested size: 414.6463pt x 80.44174pt.


LaTeX Warning: `!h' float specifier changed to `!ht'.

[61 <./figures/meshquality.png>]
<figures/stress_free_config_algo.png, id=1644, 338.6835pt x 241.119pt>
File: figures/stress_free_config_algo.png Graphic file (type png)
<use figures/stress_free_config_algo.png>
Package pdftex.def Info: figures/stress_free_config_algo.png  used on input lin
e 137.
(pdftex.def)             Requested size: 414.6463pt x 295.22064pt.


LaTeX Warning: `!h' float specifier changed to `!ht'.

[62 <./figures/mesh3components.png>]
<figures/mesh_parts_2.png, id=1653, 10202.82353pt x 6495.79765pt>
File: figures/mesh_parts_2.png Graphic file (type png)
<use figures/mesh_parts_2.png>
Package pdftex.def Info: figures/mesh_parts_2.png  used on input line 153.
(pdftex.def)             Requested size: 414.6463pt x 263.9506pt.


LaTeX Warning: `!h' float specifier changed to `!ht'.

[63 <./figures/stress_free_config_algo.png>]
<figures/overslidingProblem.jpg, id=1669, 2093.57156pt x 1052.43187pt>
File: figures/overslidingProblem.jpg Graphic file (type jpg)
<use figures/overslidingProblem.jpg>
Package pdftex.def Info: figures/overslidingProblem.jpg  used on input line 162
.
(pdftex.def)             Requested size: 322.50345pt x 162.11354pt.


LaTeX Warning: `!h' float specifier changed to `!ht'.


Underfull \vbox (badness 1831) has occurred while \output is active []

 [64 <./figures/mesh_parts_2.png>]
<figures/mesh_components.png, id=1679, 475.02469pt x 204.01219pt>
File: figures/mesh_components.png Graphic file (type png)
<use figures/mesh_components.png>
Package pdftex.def Info: figures/mesh_components.png  used on input line 175.
(pdftex.def)             Requested size: 414.6463pt x 178.08685pt.
 [65 <./figures/overslidingProblem.jpg> <./figures/mesh_components.png>]
<figures/optimizationMaterialParameters.png, id=1685, 1052.43187pt x 687.31781p
t>
File: figures/optimizationMaterialParameters.png Graphic file (type png)
<use figures/optimizationMaterialParameters.png>
Package pdftex.def Info: figures/optimizationMaterialParameters.png  used on in
put line 193.
(pdftex.def)             Requested size: 414.6463pt x 270.80061pt.


LaTeX Warning: `!h' float specifier changed to `!ht'.

<figures/poissonRatio.jpg, id=1693, 1114.1625pt x 320.69812pt>
File: figures/poissonRatio.jpg Graphic file (type jpg)
<use figures/poissonRatio.jpg>
Package pdftex.def Info: figures/poissonRatio.jpg  used on input line 206.
(pdftex.def)             Requested size: 414.6463pt x 119.34642pt.

LaTeX Warning: `!h' float specifier changed to `!ht'.

[66] [67 <./figures/optimizationMaterialParameters.png> <./figures/poissonRatio
.jpg>]
Missing character: There is no ‚ in font cmr12!
Missing character: There is no Ä in font cmr12!
Missing character: There is no ô in font cmr12!
Missing character: There is no ‚ in font cmr12!
Missing character: There is no Ä in font cmr12!
Missing character: There is no ô in font cmr12!
Missing character: There is no ‚ in font cmr12!
Missing character: There is no Ä in font cmr12!
Missing character: There is no ô in font cmr12!
Missing character: There is no ‚ in font cmr12!
Missing character: There is no Ä in font cmr12!
Missing character: There is no ô in font cmr12!
<figures/materialPropDiscretization.png, id=1714, 481.8pt x 443.256pt>
File: figures/materialPropDiscretization.png Graphic file (type png)
<use figures/materialPropDiscretization.png>
Package pdftex.def Info: figures/materialPropDiscretization.png  used on input 
line 247.
(pdftex.def)             Requested size: 414.6463pt x 381.48355pt.


LaTeX Warning: `!h' float specifier changed to `!ht'.


Underfull \vbox (badness 1571) has occurred while \output is active []

 [68]
[69 <./figures/materialPropDiscretization.png>]
<figures/optimizationMaterialParameters2.png.jpg, id=1726, 467.127pt x 532.17pt
>
File: figures/optimizationMaterialParameters2.png.jpg Graphic file (type jpg)
<use figures/optimizationMaterialParameters2.png.jpg>
Package pdftex.def Info: figures/optimizationMaterialParameters2.png.jpg  used 
on input line 258.
(pdftex.def)             Requested size: 414.6463pt x 472.37929pt.
 [70 <./figures/optimizationMaterialParameters2.png.jpg>]
Missing character: There is no ‚ in font cmr12!
Missing character: There is no Ä in font cmr12!
Missing character: There is no ô in font cmr12!
) [71]
Chapter 4.
(chapters/modelvalidation.tex [72

]
<figures/modelevaluation.png, id=1743, 705.837pt x 583.58025pt>
File: figures/modelevaluation.png Graphic file (type png)
<use figures/modelevaluation.png>
Package pdftex.def Info: figures/modelevaluation.png  used on input line 36.
(pdftex.def)             Requested size: 414.6463pt x 342.83118pt.


LaTeX Warning: `!h' float specifier changed to `!ht'.

[73

] [74 <./figures/modelevaluation.png>]) [75] [76] [77


]
Chapter 5.
(chapters/compression.tex [78

]
<figures/cc_mlo_view.jpg, id=1777, 334.24875pt x 199.49532pt>
File: figures/cc_mlo_view.jpg Graphic file (type jpg)
<use figures/cc_mlo_view.jpg>
Package pdftex.def Info: figures/cc_mlo_view.jpg  used on input line 32.
(pdftex.def)             Requested size: 230.36061pt x 137.4936pt.
 [79

 <./figures/cc_mlo_view.jpg>]
<figures/breast_compression_cycle.jpg, id=1785, 224.037pt x 270.41025pt>
File: figures/breast_compression_cycle.jpg Graphic file (type jpg)
<use figures/breast_compression_cycle.jpg>
Package pdftex.def Info: figures/breast_compression_cycle.jpg  used on input li
ne 41.
(pdftex.def)             Requested size: 322.50345pt x 389.26666pt.
 [80 <./figures/breast_compression_cycle.jpg>]
<figures/thickness_force_patterns_groot.jpg, id=1797, 349.305pt x 337.86224pt>
File: figures/thickness_force_patterns_groot.jpg Graphic file (type jpg)
<use figures/thickness_force_patterns_groot.jpg>
Package pdftex.def Info: figures/thickness_force_patterns_groot.jpg  used on in
put line 50.
(pdftex.def)             Requested size: 322.50345pt x 311.95573pt.
 [81 <./figures/thickness_force_patterns_groot.jpg>]
<figures/compressionpaddles.png, id=1806, 640.19176pt x 149.96025pt>
File: figures/compressionpaddles.png Graphic file (type png)
<use figures/compressionpaddles.png>
Package pdftex.def Info: figures/compressionpaddles.png  used on input line 69.

(pdftex.def)             Requested size: 414.6463pt x 97.12747pt.
Missing character: There is no ‚ in font cmr12!
Missing character: There is no Ä in font cmr12!
Missing character: There is no î in font cmr12!
Missing character: There is no ‚ in font cmr12!
Missing character: There is no Ä in font cmr12!
Missing character: There is no î in font cmr12!
) [82 <./figures/compressionpaddles.png>]
Chapter 6.
(chapters/compressionfem.tex
<figures/microcalcifications.png, id=1811, 713.064pt x 462.528pt>
File: figures/microcalcifications.png Graphic file (type png)
<use figures/microcalcifications.png>
Package pdftex.def Info: figures/microcalcifications.png  used on input line 13
.
(pdftex.def)             Requested size: 230.36061pt x 149.4235pt.


LaTeX Warning: `!h' float specifier changed to `!ht'.

[83

]
<figures/forceThicknessResults.png, id=1816, 1053.9375pt x 304.13625pt>
File: figures/forceThicknessResults.png Graphic file (type png)
<use figures/forceThicknessResults.png>
Package pdftex.def Info: figures/forceThicknessResults.png  used on input line 
25.
(pdftex.def)             Requested size: 414.6463pt x 119.65681pt.
 [84 <./figures/microcalcifications.png> <./figures/forceThicknessResults.png>]
<figures/subject1_compressionResults.png, id=1821, 846.16125pt x 1158.12675pt>
File: figures/subject1_compressionResults.png Graphic file (type png)
<use figures/subject1_compressionResults.png>
Package pdftex.def Info: figures/subject1_compressionResults.png  used on input
 line 36.
(pdftex.def)             Requested size: 437.68376pt x 599.04851pt.


LaTeX Warning: Float too large for page by 2.5485pt on input line 38.


LaTeX Warning: `!h' float specifier changed to `!ht'.

<figures/subject2_compressionResults.png, id=1822, 844.95676pt x 1157.5245pt>
File: figures/subject2_compressionResults.png Graphic file (type png)
<use figures/subject2_compressionResults.png>
Package pdftex.def Info: figures/subject2_compressionResults.png  used on input
 line 42.
(pdftex.def)             Requested size: 437.68376pt x 599.60245pt.

LaTeX Warning: Float too large for page by 3.10243pt on input line 44.


LaTeX Warning: `!h' float specifier changed to `!ht'.

<figures/table_compression_results.png, id=1823, 554.07pt x 124.0635pt>
File: figures/table_compression_results.png Graphic file (type png)
<use figures/table_compression_results.png>
Package pdftex.def Info: figures/table_compression_results.png  used on input l
ine 50.
(pdftex.def)             Requested size: 437.68376pt x 98.0034pt.

LaTeX Warning: `!h' float specifier changed to `!ht'.

Missing character: There is no ¬ in font cmr12!
Missing character: There is no µ in font cmr12!
[85] [86 <./figures/subject1_compressionResults.png>] [87 <./figures/subject2_c
ompressionResults.png>] [88 <./figures/table_compression_results.png>])
[89

] [90

] [91

] (chapters/thesisreview.tex [92

]) (thesis.bbl (thesis.brf)
\tf@brf=\write8
\openout8 = `thesis.brf'.


Overfull \hbox (85.0606pt too wide) in paragraph at lines 153--1
\OT1/cmr/m/n/12 esel                                                           
                                                                               
                                                                 
 []

[93

]
Underfull \hbox (badness 1057) in paragraph at lines 26--26
[]\OT1/cmr/m/n/12 ACS (2017).  Amer-ican can-cer so-ci-ety: Types of breast can
-cer.  [][]$\OT1/cmtt/m/n/12 https : / / www .
 []


Underfull \hbox (badness 10000) in paragraph at lines 26--26
\OT1/cmtt/m/n/12 cancer . org / cancer / breast-[]cancer / understanding-[]a-[]
breast-[]cancer-[]diagnosis /
 []

[94

]
Missing character: There is no ‚ in font cmti12!
Missing character: There is no Ä in font cmti12!
Missing character: There is no ì in font cmti12!
 [95]
Missing character: There is no ‚ in font cmr12!
Missing character: There is no Ä in font cmr12!
Missing character: There is no ô in font cmr12!
Missing character: There is no √ in font cmr12!
Missing character: There is no © in font cmr12!
Missing character: There is no √ in font cmr12!
Missing character: There is no © in font cmr12!
Missing character: There is no √ in font cmr12!
Missing character: There is no © in font cmr12!
Missing character: There is no √ in font cmr12!
Missing character: There is no † in font cmr12!

Underfull \hbox (badness 3407) in paragraph at lines 222--222
[]\OT1/cmr/m/n/12 FNAH (2016).  Can-cer du sein : mod-al-its sp-ci-fiques de dp
istage pour les
 []


Overfull \hbox (48.11774pt too wide) in paragraph at lines 222--222
\OT1/cmtt/m/n/12 cancer-[]du-[]sein-[]modalites-[]specifiques-[]de-[]depistage-
[]pour-[]les-[]femmes-[]a-[]haut-[]risque$[][]\OT1/cmr/m/n/12 .
 []

[96] [97] [98]
LaTeX Font Info:    Try loading font information for OMS+cmr on input line 391.


("C:\Users\miraa\AppData\Local\Programs\MiKTeX 2.9\tex\latex\base\omscmr.fd"
File: omscmr.fd 2014/09/29 v2.5h Standard LaTeX font definitions
)
LaTeX Font Info:    Font shape `OMS/cmr/m/it' in size <12> not available
(Font)              Font shape `OMS/cmsy/m/n' tried instead on input line 391.

Underfull \hbox (badness 1226) in paragraph at lines 417--417
[]\OT1/cmr/m/n/12 Martin, L. J. (2017).  What causes breast can-cer?  [][]$\OT1
/cmtt/m/n/12 https : / / www . webmd . com /
 []


Underfull \hbox (badness 1701) in paragraph at lines 437--437
[]\OT1/cmr/m/n/12 NHSBSP (2012).  2012 re-view of the uk breast screen-ing pro-
gramme.  [][]$\OT1/cmtt/m/n/12 http :
 []


Underfull \hbox (badness 10000) in paragraph at lines 437--437
\OT1/cmtt/m/n/12 / / www . cancerresearchuk . org / about-[]cancer / breast-[]c
ancer / screening /
 []

[99]
Missing character: There is no √ in font cmr12!
Missing character: There is no ≥ in font cmr12!
Missing character: There is no √ in font cmr12!
Missing character: There is no © in font cmr12!
 [100]
Underfull \hbox (badness 10000) in paragraph at lines 597--597
[]\OT1/cmr/m/n/12 SPF (2016).  Sante pub-lique france: Can-cer du sein.
 []


Underfull \hbox (badness 10000) in paragraph at lines 597--597
\OT1/cmr/m/n/12 http://invs.santepubliquefrance.fr/Dossiers-thematiques/Maladie
s-chroniques-et-
 []

[101]
Missing character: There is no ‚ in font cmr12!
Missing character: There is no Ä in font cmr12!
Missing character: There is no î in font cmr12!
 [102]) [103] [104

]
Package atveryend Info: Empty hook `BeforeClearDocument' on input line 167.
Package atveryend Info: Empty hook `AfterLastShipout' on input line 167.
 (thesis.aux (titlepage.aux))
Package atveryend Info: Executing hook `AtVeryEndDocument' on input line 167.
Package atveryend Info: Executing hook `AtEndAfterFileList' on input line 167.
Package rerunfilecheck Info: File `thesis.out' has not changed.
(rerunfilecheck)             Checksum: 6938A8C6083EBD7F2D55470C71A80E51;6113.
Package rerunfilecheck Info: File `thesis.brf' has not changed.
(rerunfilecheck)             Checksum: A071CD6BF77124F70DA49FA93A6892C9;13802.


LaTeX Warning: There were multiply-defined labels.

 ) 
Here is how much of TeX's memory you used:
 16037 strings out of 493303
 261573 string characters out of 3129784
 379271 words of memory out of 3000000
 18756 multiletter control sequences out of 15000+200000
 19682 words of font info for 78 fonts, out of 3000000 for 9000
 1141 hyphenation exceptions out of 8191
 68i,18n,98p,1846b,722s stack positions out of 5000i,500n,10000p,200000b,50000s
pdfTeX warning (dest): name{page.{\\protect\040\\edef\040OT1{OT1}\\let\040\\e
nc@update\040\\relax\040\\protect\040\\xdef\040\\OT1/cmr/m/n/12\040{\\OT1/cmr/m
/n/12\040}\\OT1/cmr/m/n/12\040\\size@update\040\\enc@update\040viii}} has been 
referenced but does not exist, replaced by a fixed one

pdfTeX warning (dest): name{page.{\\protect\040\\edef\040OT1{OT1}\\let\040\\enc
@update\040\\relax\040\\protect\040\\xdef\040\\OT1/cmr/m/it/12\040{\\OT1/cmr/m/
n/12\040}\\OT1/cmr/m/it/12\040\\size@update\040\\enc@update\040viii}} has been 
referenced but does not exist, replaced by a fixed one

 <C:\Users\miraa\AppData\Local\MiKTeX\2.9\fonts\pk\ljfour\jknappen\ec\dpi600\tc
rm1200.pk><C:/Users/miraa/AppData/Local/Programs/MiKTeX 2.9/fonts/type1/public/
amsfonts/cm/cmbx12.pfb><C:/Users/miraa/AppData/Local/Programs/MiKTeX 2.9/fonts/
type1/public/amsfonts/cm/cmex10.pfb><C:/Users/miraa/AppData/Local/Programs/MiKT
eX 2.9/fonts/type1/public/amsfonts/cm/cmmi12.pfb><C:/Users/miraa/AppData/Local/
Programs/MiKTeX 2.9/fonts/type1/public/amsfonts/cm/cmmi6.pfb><C:/Users/miraa/Ap
pData/Local/Programs/MiKTeX 2.9/fonts/type1/public/amsfonts/cm/cmmi8.pfb><C:/Us
ers/miraa/AppData/Local/Programs/MiKTeX 2.9/fonts/type1/public/amsfonts/cm/cmr1
0.pfb><C:/Users/miraa/AppData/Local/Programs/MiKTeX 2.9/fonts/type1/public/amsf
onts/cm/cmr12.pfb><C:/Users/miraa/AppData/Local/Programs/MiKTeX 2.9/fonts/type1
/public/amsfonts/cm/cmr17.pfb><C:/Users/miraa/AppData/Local/Programs/MiKTeX 2.9
/fonts/type1/public/amsfonts/cm/cmr6.pfb><C:/Users/miraa/AppData/Local/Programs
/MiKTeX 2.9/fonts/type1/public/amsfonts/cm/cmr8.pfb><C:/Users/miraa/AppData/Loc
al/Programs/MiKTeX 2.9/fonts/type1/public/amsfonts/cm/cmsl12.pfb><C:/Users/mira
a/AppData/Local/Programs/MiKTeX 2.9/fonts/type1/public/amsfonts/cm/cmss8.pfb><C
:/Users/miraa/AppData/Local/Programs/MiKTeX 2.9/fonts/type1/public/amsfonts/cm/
cmsy10.pfb><C:/Users/miraa/AppData/Local/Programs/MiKTeX 2.9/fonts/type1/public
/amsfonts/cm/cmsy8.pfb><C:/Users/miraa/AppData/Local/Programs/MiKTeX 2.9/fonts/
type1/public/amsfonts/cm/cmti12.pfb><C:/Users/miraa/AppData/Local/Programs/MiKT
eX 2.9/fonts/type1/public/amsfonts/cm/cmtt12.pfb><C:/Users/miraa/AppData/Local/
Programs/MiKTeX 2.9/fonts/type1/public/hoekwater/stmary10.pfb>
Output written on thesis.pdf (116 pages, 14443151 bytes).
PDF statistics:
 2260 PDF objects out of 2487 (max. 8388607)
 422 named destinations out of 1000 (max. 500000)
 950 words of extra memory for PDF output out of 10000 (max. 10000000)

