\BOOKMARK [0][-]{chapter*.1}{Contents}{}% 1
\BOOKMARK [0][-]{chapter*.2}{List of Figures}{}% 2
\BOOKMARK [0][-]{chapter*.3}{List of Tables}{}% 3
\BOOKMARK [-1][-]{part.1}{I Introduction}{}% 4
\BOOKMARK [0][-]{chapter*.4}{General Problem statement}{part.1}% 5
\BOOKMARK [0][-]{chapter*.5}{Technical approach}{part.1}% 6
\BOOKMARK [0][-]{chapter*.6}{Thesis overview}{part.1}% 7
\BOOKMARK [0][-]{chapter*.7}{Key contributions}{part.1}% 8
\BOOKMARK [0][-]{chapter*.8}{Software}{part.1}% 9
\BOOKMARK [0][-]{chapter*.9}{Ethics}{part.1}% 10
\BOOKMARK [-1][-]{part.2}{II Background}{}% 11
\BOOKMARK [0][-]{chapter.1}{ Clinical background}{part.2}% 12
\BOOKMARK [1][-]{section.1.1}{Introduction}{chapter.1}% 13
\BOOKMARK [1][-]{section.1.2}{Breast anatomy}{chapter.1}% 14
\BOOKMARK [2][-]{subsection.1.2.1}{Breast embryogenesis}{section.1.2}% 15
\BOOKMARK [2][-]{subsection.1.2.2}{Breast Appearance}{section.1.2}% 16
\BOOKMARK [2][-]{subsection.1.2.3}{Internal structure}{section.1.2}% 17
\BOOKMARK [2][-]{subsection.1.2.4}{Adult breast texture changes}{section.1.2}% 18
\BOOKMARK [1][-]{section.1.3}{Breast Cancer}{chapter.1}% 19
\BOOKMARK [2][-]{subsection.1.3.1}{Cancer classification }{section.1.3}% 20
\BOOKMARK [2][-]{subsection.1.3.2}{Breast cancer screening}{section.1.3}% 21
\BOOKMARK [1][-]{section.1.4}{Medical Imaging}{chapter.1}% 22
\BOOKMARK [2][-]{subsection.1.4.1}{X-ray mammography}{section.1.4}% 23
\BOOKMARK [2][-]{subsection.1.4.2}{Ultrasounds}{section.1.4}% 24
\BOOKMARK [2][-]{subsection.1.4.3}{Magnetic resonance imaging}{section.1.4}% 25
\BOOKMARK [1][-]{section.1.5}{Conclusion}{chapter.1}% 26
\BOOKMARK [-1][-]{part.3}{III Biomechanical breast modeling}{}% 27
\BOOKMARK [0][-]{chapter.2}{Background and state of the art}{part.3}% 28
\BOOKMARK [1][-]{section.2.1}{Introduction}{chapter.2}% 29
\BOOKMARK [1][-]{section.2.2}{Continuous mechanics}{chapter.2}% 30
\BOOKMARK [2][-]{subsection.2.2.1}{Deformation and strain}{section.2.2}% 31
\BOOKMARK [2][-]{subsection.2.2.2}{Stress measures}{section.2.2}% 32
\BOOKMARK [2][-]{subsection.2.2.3}{Conservation equations}{section.2.2}% 33
\BOOKMARK [2][-]{subsection.2.2.4}{Constitutive models}{section.2.2}% 34
\BOOKMARK [1][-]{section.2.3}{Finite Element Discretization}{chapter.2}% 35
\BOOKMARK [2][-]{subsection.2.3.1}{Eulerian and Lagrangian mesh description}{section.2.3}% 36
\BOOKMARK [2][-]{subsection.2.3.2}{Lagrangian mesh}{section.2.3}% 37
\BOOKMARK [1][-]{section.2.4}{Contact mechanics}{chapter.2}% 38
\BOOKMARK [2][-]{subsection.2.4.1}{Contact inteface equations}{section.2.4}% 39
\BOOKMARK [2][-]{subsection.2.4.2}{Surface interaction models}{section.2.4}% 40
\BOOKMARK [2][-]{subsection.2.4.3}{Contact formulation algorithm: Pure Penalty model}{section.2.4}% 41
\BOOKMARK [1][-]{section.2.5}{Breast biomechanical model: overview}{chapter.2}% 42
\BOOKMARK [2][-]{subsection.2.5.1}{Breast reference configuration}{section.2.5}% 43
\BOOKMARK [2][-]{subsection.2.5.2}{Constitutive models}{section.2.5}% 44
\BOOKMARK [2][-]{subsection.2.5.3}{Boundary conditions}{section.2.5}% 45
\BOOKMARK [2][-]{subsection.2.5.4}{Conclusion}{section.2.5}% 46
\BOOKMARK [0][-]{chapter.3}{A new biomechanical breast model}{part.3}% 47
\BOOKMARK [1][-]{section.3.1}{Introduction}{chapter.3}% 48
\BOOKMARK [1][-]{section.3.2}{Geometry extraction}{chapter.3}% 49
\BOOKMARK [2][-]{subsection.3.2.1}{Data acquisition}{section.3.2}% 50
\BOOKMARK [2][-]{subsection.3.2.2}{Image segmentation}{section.3.2}% 51
\BOOKMARK [2][-]{subsection.3.2.3}{Image registration}{section.3.2}% 52
\BOOKMARK [2][-]{subsection.3.2.4}{Patient-specific 3D geometry}{section.3.2}% 53
\BOOKMARK [1][-]{section.3.3}{ Finite Elements Mesh}{chapter.3}% 54
\BOOKMARK [1][-]{section.3.4}{Breast reference configuration}{chapter.3}% 55
\BOOKMARK [1][-]{section.3.5}{Boundary conditions}{chapter.3}% 56
\BOOKMARK [1][-]{section.3.6}{Materials constitutive models}{chapter.3}% 57
\BOOKMARK [2][-]{subsection.3.6.1}{Model simplification}{section.3.6}% 58
\BOOKMARK [2][-]{subsection.3.6.2}{Estimation of optimal constitutive parameters}{section.3.6}% 59
\BOOKMARK [2][-]{subsection.3.6.3}{Conclusion}{section.3.6}% 60
\BOOKMARK [0][-]{chapter.4}{Model validation}{part.3}% 61
\BOOKMARK [1][-]{section.4.1}{Introduction}{chapter.4}% 62
\BOOKMARK [1][-]{section.4.2}{Technical approach}{chapter.4}% 63
\BOOKMARK [1][-]{section.4.3}{Results}{chapter.4}% 64
\BOOKMARK [1][-]{section.4.4}{Discussions and conclusion}{chapter.4}% 65
\BOOKMARK [-1][-]{part.4}{IV Breast Compression: a comparative study}{}% 66
\BOOKMARK [0][-]{chapter.5}{ Background }{part.4}% 67
\BOOKMARK [1][-]{section.5.1}{Introduction }{chapter.5}% 68
\BOOKMARK [1][-]{section.5.2}{Breast compression: overview }{chapter.5}% 69
\BOOKMARK [2][-]{subsection.5.2.1}{Mammographic positioning}{section.5.2}% 70
\BOOKMARK [2][-]{subsection.5.2.2}{Compression mechanics}{section.5.2}% 71
\BOOKMARK [2][-]{subsection.5.2.3}{Compression paddle designs}{section.5.2}% 72
\BOOKMARK [1][-]{section.5.3}{Pain and discomfort}{chapter.5}% 73
\BOOKMARK [1][-]{section.5.4}{Image quality and average glandular dose}{chapter.5}% 74
\BOOKMARK [1][-]{section.5.5}{Discussions and Conclusion}{chapter.5}% 75
\BOOKMARK [0][-]{chapter.6}{Breast compression quality evaluation}{part.4}% 76
\BOOKMARK [1][-]{section.6.1}{Breast compression simulation}{chapter.6}% 77
\BOOKMARK [1][-]{section.6.2}{Image acquisition simulation }{chapter.6}% 78
\BOOKMARK [1][-]{section.6.3}{Compresure quality metrics}{chapter.6}% 79
\BOOKMARK [2][-]{subsection.6.3.1}{Patient comfort}{section.6.3}% 80
\BOOKMARK [2][-]{subsection.6.3.2}{Image quality }{section.6.3}% 81
\BOOKMARK [2][-]{subsection.6.3.3}{ Average glandular dose}{section.6.3}% 82
\BOOKMARK [1][-]{section.6.4}{Results}{chapter.6}% 83
\BOOKMARK [1][-]{section.6.5}{Discussions and conclusion}{chapter.6}% 84
\BOOKMARK [-1][-]{part.5}{V Thesis review}{}% 85
\BOOKMARK [0][-]{chapter*.63}{Conclusion}{part.5}% 86
\BOOKMARK [0][-]{chapter*.64}{Perspective}{part.5}% 87
\BOOKMARK [0][-]{chapter*.65}{Bibliography}{part.5}% 88
